This is pdfTeX, Version 3.14159265-2.6-1.40.16 (TeX Live 2015/Debian) (preloaded format=pdflatex 2018.10.12)  28 NOV 2018 19:16
entering extended mode
 restricted \write18 enabled.
 %&-line parsing enabled.
**sprawozdanie.tex
(./sprawozdanie.tex
LaTeX2e <2016/02/01>
Babel <3.9q> and hyphenation patterns for 81 language(s) loaded.
(/usr/share/texlive/texmf-dist/tex/latex/base/article.cls
Document Class: article 2014/09/29 v1.4h Standard LaTeX document class
(/usr/share/texlive/texmf-dist/tex/latex/base/size10.clo
File: size10.clo 2014/09/29 v1.4h Standard LaTeX file (size option)
)
\c@part=\count79
\c@section=\count80
\c@subsection=\count81
\c@subsubsection=\count82
\c@paragraph=\count83
\c@subparagraph=\count84
\c@figure=\count85
\c@table=\count86
\abovecaptionskip=\skip41
\belowcaptionskip=\skip42
\bibindent=\dimen102
)
(/usr/share/texlive/texmf-dist/tex/latex/base/inputenc.sty
Package: inputenc 2015/03/17 v1.2c Input encoding file
\inpenc@prehook=\toks14
\inpenc@posthook=\toks15

(/usr/share/texlive/texmf-dist/tex/latex/base/utf8.def
File: utf8.def 2015/12/03 v1.1r UTF-8 support for inputenc
Now handling font encoding OML ...
... no UTF-8 mapping file for font encoding OML
Now handling font encoding T1 ...
... processing UTF-8 mapping file for font encoding T1

(/usr/share/texlive/texmf-dist/tex/latex/base/t1enc.dfu
File: t1enc.dfu 2015/12/03 v1.1r UTF-8 support for inputenc
   defining Unicode char U+00A0 (decimal 160)
   defining Unicode char U+00A1 (decimal 161)
   defining Unicode char U+00A3 (decimal 163)
   defining Unicode char U+00AB (decimal 171)
   defining Unicode char U+00AD (decimal 173)
   defining Unicode char U+00BB (decimal 187)
   defining Unicode char U+00BF (decimal 191)
   defining Unicode char U+00C0 (decimal 192)
   defining Unicode char U+00C1 (decimal 193)
   defining Unicode char U+00C2 (decimal 194)
   defining Unicode char U+00C3 (decimal 195)
   defining Unicode char U+00C4 (decimal 196)
   defining Unicode char U+00C5 (decimal 197)
   defining Unicode char U+00C6 (decimal 198)
   defining Unicode char U+00C7 (decimal 199)
   defining Unicode char U+00C8 (decimal 200)
   defining Unicode char U+00C9 (decimal 201)
   defining Unicode char U+00CA (decimal 202)
   defining Unicode char U+00CB (decimal 203)
   defining Unicode char U+00CC (decimal 204)
   defining Unicode char U+00CD (decimal 205)
   defining Unicode char U+00CE (decimal 206)
   defining Unicode char U+00CF (decimal 207)
   defining Unicode char U+00D0 (decimal 208)
   defining Unicode char U+00D1 (decimal 209)
   defining Unicode char U+00D2 (decimal 210)
   defining Unicode char U+00D3 (decimal 211)
   defining Unicode char U+00D4 (decimal 212)
   defining Unicode char U+00D5 (decimal 213)
   defining Unicode char U+00D6 (decimal 214)
   defining Unicode char U+00D8 (decimal 216)
   defining Unicode char U+00D9 (decimal 217)
   defining Unicode char U+00DA (decimal 218)
   defining Unicode char U+00DB (decimal 219)
   defining Unicode char U+00DC (decimal 220)
   defining Unicode char U+00DD (decimal 221)
   defining Unicode char U+00DE (decimal 222)
   defining Unicode char U+00DF (decimal 223)
   defining Unicode char U+00E0 (decimal 224)
   defining Unicode char U+00E1 (decimal 225)
   defining Unicode char U+00E2 (decimal 226)
   defining Unicode char U+00E3 (decimal 227)
   defining Unicode char U+00E4 (decimal 228)
   defining Unicode char U+00E5 (decimal 229)
   defining Unicode char U+00E6 (decimal 230)
   defining Unicode char U+00E7 (decimal 231)
   defining Unicode char U+00E8 (decimal 232)
   defining Unicode char U+00E9 (decimal 233)
   defining Unicode char U+00EA (decimal 234)
   defining Unicode char U+00EB (decimal 235)
   defining Unicode char U+00EC (decimal 236)
   defining Unicode char U+00ED (decimal 237)
   defining Unicode char U+00EE (decimal 238)
   defining Unicode char U+00EF (decimal 239)
   defining Unicode char U+00F0 (decimal 240)
   defining Unicode char U+00F1 (decimal 241)
   defining Unicode char U+00F2 (decimal 242)
   defining Unicode char U+00F3 (decimal 243)
   defining Unicode char U+00F4 (decimal 244)
   defining Unicode char U+00F5 (decimal 245)
   defining Unicode char U+00F6 (decimal 246)
   defining Unicode char U+00F8 (decimal 248)
   defining Unicode char U+00F9 (decimal 249)
   defining Unicode char U+00FA (decimal 250)
   defining Unicode char U+00FB (decimal 251)
   defining Unicode char U+00FC (decimal 252)
   defining Unicode char U+00FD (decimal 253)
   defining Unicode char U+00FE (decimal 254)
   defining Unicode char U+00FF (decimal 255)
   defining Unicode char U+0100 (decimal 256)
   defining Unicode char U+0101 (decimal 257)
   defining Unicode char U+0102 (decimal 258)
   defining Unicode char U+0103 (decimal 259)
   defining Unicode char U+0104 (decimal 260)
   defining Unicode char U+0105 (decimal 261)
   defining Unicode char U+0106 (decimal 262)
   defining Unicode char U+0107 (decimal 263)
   defining Unicode char U+0108 (decimal 264)
   defining Unicode char U+0109 (decimal 265)
   defining Unicode char U+010A (decimal 266)
   defining Unicode char U+010B (decimal 267)
   defining Unicode char U+010C (decimal 268)
   defining Unicode char U+010D (decimal 269)
   defining Unicode char U+010E (decimal 270)
   defining Unicode char U+010F (decimal 271)
   defining Unicode char U+0110 (decimal 272)
   defining Unicode char U+0111 (decimal 273)
   defining Unicode char U+0112 (decimal 274)
   defining Unicode char U+0113 (decimal 275)
   defining Unicode char U+0114 (decimal 276)
   defining Unicode char U+0115 (decimal 277)
   defining Unicode char U+0116 (decimal 278)
   defining Unicode char U+0117 (decimal 279)
   defining Unicode char U+0118 (decimal 280)
   defining Unicode char U+0119 (decimal 281)
   defining Unicode char U+011A (decimal 282)
   defining Unicode char U+011B (decimal 283)
   defining Unicode char U+011C (decimal 284)
   defining Unicode char U+011D (decimal 285)
   defining Unicode char U+011E (decimal 286)
   defining Unicode char U+011F (decimal 287)
   defining Unicode char U+0120 (decimal 288)
   defining Unicode char U+0121 (decimal 289)
   defining Unicode char U+0122 (decimal 290)
   defining Unicode char U+0123 (decimal 291)
   defining Unicode char U+0124 (decimal 292)
   defining Unicode char U+0125 (decimal 293)
   defining Unicode char U+0128 (decimal 296)
   defining Unicode char U+0129 (decimal 297)
   defining Unicode char U+012A (decimal 298)
   defining Unicode char U+012B (decimal 299)
   defining Unicode char U+012C (decimal 300)
   defining Unicode char U+012D (decimal 301)
   defining Unicode char U+012E (decimal 302)
   defining Unicode char U+012F (decimal 303)
   defining Unicode char U+0130 (decimal 304)
   defining Unicode char U+0131 (decimal 305)
   defining Unicode char U+0132 (decimal 306)
   defining Unicode char U+0133 (decimal 307)
   defining Unicode char U+0134 (decimal 308)
   defining Unicode char U+0135 (decimal 309)
   defining Unicode char U+0136 (decimal 310)
   defining Unicode char U+0137 (decimal 311)
   defining Unicode char U+0139 (decimal 313)
   defining Unicode char U+013A (decimal 314)
   defining Unicode char U+013B (decimal 315)
   defining Unicode char U+013C (decimal 316)
   defining Unicode char U+013D (decimal 317)
   defining Unicode char U+013E (decimal 318)
   defining Unicode char U+0141 (decimal 321)
   defining Unicode char U+0142 (decimal 322)
   defining Unicode char U+0143 (decimal 323)
   defining Unicode char U+0144 (decimal 324)
   defining Unicode char U+0145 (decimal 325)
   defining Unicode char U+0146 (decimal 326)
   defining Unicode char U+0147 (decimal 327)
   defining Unicode char U+0148 (decimal 328)
   defining Unicode char U+014A (decimal 330)
   defining Unicode char U+014B (decimal 331)
   defining Unicode char U+014C (decimal 332)
   defining Unicode char U+014D (decimal 333)
   defining Unicode char U+014E (decimal 334)
   defining Unicode char U+014F (decimal 335)
   defining Unicode char U+0150 (decimal 336)
   defining Unicode char U+0151 (decimal 337)
   defining Unicode char U+0152 (decimal 338)
   defining Unicode char U+0153 (decimal 339)
   defining Unicode char U+0154 (decimal 340)
   defining Unicode char U+0155 (decimal 341)
   defining Unicode char U+0156 (decimal 342)
   defining Unicode char U+0157 (decimal 343)
   defining Unicode char U+0158 (decimal 344)
   defining Unicode char U+0159 (decimal 345)
   defining Unicode char U+015A (decimal 346)
   defining Unicode char U+015B (decimal 347)
   defining Unicode char U+015C (decimal 348)
   defining Unicode char U+015D (decimal 349)
   defining Unicode char U+015E (decimal 350)
   defining Unicode char U+015F (decimal 351)
   defining Unicode char U+0160 (decimal 352)
   defining Unicode char U+0161 (decimal 353)
   defining Unicode char U+0162 (decimal 354)
   defining Unicode char U+0163 (decimal 355)
   defining Unicode char U+0164 (decimal 356)
   defining Unicode char U+0165 (decimal 357)
   defining Unicode char U+0168 (decimal 360)
   defining Unicode char U+0169 (decimal 361)
   defining Unicode char U+016A (decimal 362)
   defining Unicode char U+016B (decimal 363)
   defining Unicode char U+016C (decimal 364)
   defining Unicode char U+016D (decimal 365)
   defining Unicode char U+016E (decimal 366)
   defining Unicode char U+016F (decimal 367)
   defining Unicode char U+0170 (decimal 368)
   defining Unicode char U+0171 (decimal 369)
   defining Unicode char U+0172 (decimal 370)
   defining Unicode char U+0173 (decimal 371)
   defining Unicode char U+0174 (decimal 372)
   defining Unicode char U+0175 (decimal 373)
   defining Unicode char U+0176 (decimal 374)
   defining Unicode char U+0177 (decimal 375)
   defining Unicode char U+0178 (decimal 376)
   defining Unicode char U+0179 (decimal 377)
   defining Unicode char U+017A (decimal 378)
   defining Unicode char U+017B (decimal 379)
   defining Unicode char U+017C (decimal 380)
   defining Unicode char U+017D (decimal 381)
   defining Unicode char U+017E (decimal 382)
   defining Unicode char U+01CD (decimal 461)
   defining Unicode char U+01CE (decimal 462)
   defining Unicode char U+01CF (decimal 463)
   defining Unicode char U+01D0 (decimal 464)
   defining Unicode char U+01D1 (decimal 465)
   defining Unicode char U+01D2 (decimal 466)
   defining Unicode char U+01D3 (decimal 467)
   defining Unicode char U+01D4 (decimal 468)
   defining Unicode char U+01E2 (decimal 482)
   defining Unicode char U+01E3 (decimal 483)
   defining Unicode char U+01E6 (decimal 486)
   defining Unicode char U+01E7 (decimal 487)
   defining Unicode char U+01E8 (decimal 488)
   defining Unicode char U+01E9 (decimal 489)
   defining Unicode char U+01EA (decimal 490)
   defining Unicode char U+01EB (decimal 491)
   defining Unicode char U+01F0 (decimal 496)
   defining Unicode char U+01F4 (decimal 500)
   defining Unicode char U+01F5 (decimal 501)
   defining Unicode char U+0218 (decimal 536)
   defining Unicode char U+0219 (decimal 537)
   defining Unicode char U+021A (decimal 538)
   defining Unicode char U+021B (decimal 539)
   defining Unicode char U+01E02 (decimal 7682)
   defining Unicode char U+01E03 (decimal 7683)
   defining Unicode char U+200C (decimal 8204)
   defining Unicode char U+2013 (decimal 8211)
   defining Unicode char U+2014 (decimal 8212)
   defining Unicode char U+2018 (decimal 8216)
   defining Unicode char U+2019 (decimal 8217)
   defining Unicode char U+201A (decimal 8218)
   defining Unicode char U+201C (decimal 8220)
   defining Unicode char U+201D (decimal 8221)
   defining Unicode char U+201E (decimal 8222)
   defining Unicode char U+2030 (decimal 8240)
   defining Unicode char U+2031 (decimal 8241)
   defining Unicode char U+2039 (decimal 8249)
   defining Unicode char U+203A (decimal 8250)
   defining Unicode char U+2423 (decimal 9251)
)
Now handling font encoding OT1 ...
... processing UTF-8 mapping file for font encoding OT1

(/usr/share/texlive/texmf-dist/tex/latex/base/ot1enc.dfu
File: ot1enc.dfu 2015/12/03 v1.1r UTF-8 support for inputenc
   defining Unicode char U+00A0 (decimal 160)
   defining Unicode char U+00A1 (decimal 161)
   defining Unicode char U+00A3 (decimal 163)
   defining Unicode char U+00AD (decimal 173)
   defining Unicode char U+00B8 (decimal 184)
   defining Unicode char U+00BF (decimal 191)
   defining Unicode char U+00C5 (decimal 197)
   defining Unicode char U+00C6 (decimal 198)
   defining Unicode char U+00D8 (decimal 216)
   defining Unicode char U+00DF (decimal 223)
   defining Unicode char U+00E6 (decimal 230)
   defining Unicode char U+00EC (decimal 236)
   defining Unicode char U+00ED (decimal 237)
   defining Unicode char U+00EE (decimal 238)
   defining Unicode char U+00EF (decimal 239)
   defining Unicode char U+00F8 (decimal 248)
   defining Unicode char U+0131 (decimal 305)
   defining Unicode char U+0141 (decimal 321)
   defining Unicode char U+0142 (decimal 322)
   defining Unicode char U+0152 (decimal 338)
   defining Unicode char U+0153 (decimal 339)
   defining Unicode char U+0174 (decimal 372)
   defining Unicode char U+0175 (decimal 373)
   defining Unicode char U+0176 (decimal 374)
   defining Unicode char U+0177 (decimal 375)
   defining Unicode char U+0218 (decimal 536)
   defining Unicode char U+0219 (decimal 537)
   defining Unicode char U+021A (decimal 538)
   defining Unicode char U+021B (decimal 539)
   defining Unicode char U+2013 (decimal 8211)
   defining Unicode char U+2014 (decimal 8212)
   defining Unicode char U+2018 (decimal 8216)
   defining Unicode char U+2019 (decimal 8217)
   defining Unicode char U+201C (decimal 8220)
   defining Unicode char U+201D (decimal 8221)
)
Now handling font encoding OMS ...
... processing UTF-8 mapping file for font encoding OMS

(/usr/share/texlive/texmf-dist/tex/latex/base/omsenc.dfu
File: omsenc.dfu 2015/12/03 v1.1r UTF-8 support for inputenc
   defining Unicode char U+00A7 (decimal 167)
   defining Unicode char U+00B6 (decimal 182)
   defining Unicode char U+00B7 (decimal 183)
   defining Unicode char U+2020 (decimal 8224)
   defining Unicode char U+2021 (decimal 8225)
   defining Unicode char U+2022 (decimal 8226)
)
Now handling font encoding OMX ...
... no UTF-8 mapping file for font encoding OMX
Now handling font encoding U ...
... no UTF-8 mapping file for font encoding U
   defining Unicode char U+00A9 (decimal 169)
   defining Unicode char U+00AA (decimal 170)
   defining Unicode char U+00AE (decimal 174)
   defining Unicode char U+00BA (decimal 186)
   defining Unicode char U+02C6 (decimal 710)
   defining Unicode char U+02DC (decimal 732)
   defining Unicode char U+200C (decimal 8204)
   defining Unicode char U+2026 (decimal 8230)
   defining Unicode char U+2122 (decimal 8482)
   defining Unicode char U+2423 (decimal 9251)
))
(/usr/share/texlive/texmf-dist/tex/latex/base/fontenc.sty
Package: fontenc 2005/09/27 v1.99g Standard LaTeX package

(/usr/share/texlive/texmf-dist/tex/latex/base/t1enc.def
File: t1enc.def 2005/09/27 v1.99g Standard LaTeX file
LaTeX Font Info:    Redeclaring font encoding T1 on input line 48.
))
(/usr/share/texlive/texmf-dist/tex/generic/babel/babel.sty
Package: babel 2016/02/24 3.9q The Babel package

(/usr/share/texlive/texmf-dist/tex/generic/babel-polish/polish.ldf
Language: polish 2005/03/31 v1.2l Polish support from the babel system

(/usr/share/texlive/texmf-dist/tex/generic/babel/babel.def
File: babel.def 2016/02/24 3.9q Babel common definitions
\babel@savecnt=\count87
\U@D=\dimen103
)
Package babel Info: Making " an active character on input line 83.
\pl@left=\dimen104
\pl@down=\dimen105
\pl@right=\dimen106
\pl@temp=\dimen107
))
(/usr/share/texlive/texmf-dist/tex/latex/tools/hhline.sty
Package: hhline 2014/10/28 v2.03 Table rule package (DPC)
)
(/usr/share/texlive/texmf-dist/tex/latex/pgfplots/pgfplots.sty
(/usr/share/texlive/texmf-dist/tex/generic/pgfplots/pgfplots.revision.tex)
Package: pgfplots 2016/01/06 v1.13 Data Visualization (1.13)

(/usr/share/texlive/texmf-dist/tex/latex/pgf/frontendlayer/tikz.sty
(/usr/share/texlive/texmf-dist/tex/latex/pgf/basiclayer/pgf.sty
(/usr/share/texlive/texmf-dist/tex/latex/pgf/utilities/pgfrcs.sty
(/usr/share/texlive/texmf-dist/tex/generic/pgf/utilities/pgfutil-common.tex
\pgfutil@everybye=\toks16
\pgfutil@tempdima=\dimen108
\pgfutil@tempdimb=\dimen109

(/usr/share/texlive/texmf-dist/tex/generic/pgf/utilities/pgfutil-common-lists.t
ex)) (/usr/share/texlive/texmf-dist/tex/generic/pgf/utilities/pgfutil-latex.def
\pgfutil@abb=\box26
(/usr/share/texlive/texmf-dist/tex/latex/ms/everyshi.sty
Package: everyshi 2001/05/15 v3.00 EveryShipout Package (MS)
))
(/usr/share/texlive/texmf-dist/tex/generic/pgf/utilities/pgfrcs.code.tex
Package: pgfrcs 2015/08/07 v3.0.1a (rcs-revision 1.31)
))
Package: pgf 2015/08/07 v3.0.1a (rcs-revision 1.15)

(/usr/share/texlive/texmf-dist/tex/latex/pgf/basiclayer/pgfcore.sty
(/usr/share/texlive/texmf-dist/tex/latex/graphics/graphicx.sty
Package: graphicx 2014/10/28 v1.0g Enhanced LaTeX Graphics (DPC,SPQR)

(/usr/share/texlive/texmf-dist/tex/latex/graphics/keyval.sty
Package: keyval 2014/10/28 v1.15 key=value parser (DPC)
\KV@toks@=\toks17
)
(/usr/share/texlive/texmf-dist/tex/latex/graphics/graphics.sty
Package: graphics 2016/01/03 v1.0q Standard LaTeX Graphics (DPC,SPQR)

(/usr/share/texlive/texmf-dist/tex/latex/graphics/trig.sty
Package: trig 2016/01/03 v1.10 sin cos tan (DPC)
)
(/usr/share/texlive/texmf-dist/tex/latex/latexconfig/graphics.cfg
File: graphics.cfg 2010/04/23 v1.9 graphics configuration of TeX Live
)
Package graphics Info: Driver file: pdftex.def on input line 95.

(/usr/share/texlive/texmf-dist/tex/latex/pdftex-def/pdftex.def
File: pdftex.def 2011/05/27 v0.06d Graphics/color for pdfTeX

(/usr/share/texlive/texmf-dist/tex/generic/oberdiek/infwarerr.sty
Package: infwarerr 2010/04/08 v1.3 Providing info/warning/error messages (HO)
)
(/usr/share/texlive/texmf-dist/tex/generic/oberdiek/ltxcmds.sty
Package: ltxcmds 2011/11/09 v1.22 LaTeX kernel commands for general use (HO)
)
\Gread@gobject=\count88
))
\Gin@req@height=\dimen110
\Gin@req@width=\dimen111
)
(/usr/share/texlive/texmf-dist/tex/latex/pgf/systemlayer/pgfsys.sty
(/usr/share/texlive/texmf-dist/tex/generic/pgf/systemlayer/pgfsys.code.tex
Package: pgfsys 2014/07/09 v3.0.1a (rcs-revision 1.48)

(/usr/share/texlive/texmf-dist/tex/generic/pgf/utilities/pgfkeys.code.tex
\pgfkeys@pathtoks=\toks18
\pgfkeys@temptoks=\toks19

(/usr/share/texlive/texmf-dist/tex/generic/pgf/utilities/pgfkeysfiltered.code.t
ex
\pgfkeys@tmptoks=\toks20
))
\pgf@x=\dimen112
\pgf@y=\dimen113
\pgf@xa=\dimen114
\pgf@ya=\dimen115
\pgf@xb=\dimen116
\pgf@yb=\dimen117
\pgf@xc=\dimen118
\pgf@yc=\dimen119
\w@pgf@writea=\write3
\r@pgf@reada=\read1
\c@pgf@counta=\count89
\c@pgf@countb=\count90
\c@pgf@countc=\count91
\c@pgf@countd=\count92
\t@pgf@toka=\toks21
\t@pgf@tokb=\toks22
\t@pgf@tokc=\toks23
 (/usr/share/texlive/texmf-dist/tex/generic/pgf/systemlayer/pgf.cfg
File: pgf.cfg 2008/05/14  (rcs-revision 1.7)
)
Driver file for pgf: pgfsys-pdftex.def

(/usr/share/texlive/texmf-dist/tex/generic/pgf/systemlayer/pgfsys-pdftex.def
File: pgfsys-pdftex.def 2014/10/11  (rcs-revision 1.35)

(/usr/share/texlive/texmf-dist/tex/generic/pgf/systemlayer/pgfsys-common-pdf.de
f
File: pgfsys-common-pdf.def 2013/10/10  (rcs-revision 1.13)
)))
(/usr/share/texlive/texmf-dist/tex/generic/pgf/systemlayer/pgfsyssoftpath.code.
tex
File: pgfsyssoftpath.code.tex 2013/09/09  (rcs-revision 1.9)
\pgfsyssoftpath@smallbuffer@items=\count93
\pgfsyssoftpath@bigbuffer@items=\count94
)
(/usr/share/texlive/texmf-dist/tex/generic/pgf/systemlayer/pgfsysprotocol.code.
tex
File: pgfsysprotocol.code.tex 2006/10/16  (rcs-revision 1.4)
)) (/usr/share/texlive/texmf-dist/tex/latex/xcolor/xcolor.sty
Package: xcolor 2007/01/21 v2.11 LaTeX color extensions (UK)

(/usr/share/texlive/texmf-dist/tex/latex/latexconfig/color.cfg
File: color.cfg 2007/01/18 v1.5 color configuration of teTeX/TeXLive
)
Package xcolor Info: Driver file: pdftex.def on input line 225.
Package xcolor Info: Model `cmy' substituted by `cmy0' on input line 1337.
Package xcolor Info: Model `hsb' substituted by `rgb' on input line 1341.
Package xcolor Info: Model `RGB' extended on input line 1353.
Package xcolor Info: Model `HTML' substituted by `rgb' on input line 1355.
Package xcolor Info: Model `Hsb' substituted by `hsb' on input line 1356.
Package xcolor Info: Model `tHsb' substituted by `hsb' on input line 1357.
Package xcolor Info: Model `HSB' substituted by `hsb' on input line 1358.
Package xcolor Info: Model `Gray' substituted by `gray' on input line 1359.
Package xcolor Info: Model `wave' substituted by `hsb' on input line 1360.
)
(/usr/share/texlive/texmf-dist/tex/generic/pgf/basiclayer/pgfcore.code.tex
Package: pgfcore 2010/04/11 v3.0.1a (rcs-revision 1.7)

(/usr/share/texlive/texmf-dist/tex/generic/pgf/math/pgfmath.code.tex
(/usr/share/texlive/texmf-dist/tex/generic/pgf/math/pgfmathcalc.code.tex
(/usr/share/texlive/texmf-dist/tex/generic/pgf/math/pgfmathutil.code.tex)
(/usr/share/texlive/texmf-dist/tex/generic/pgf/math/pgfmathparser.code.tex
\pgfmath@dimen=\dimen120
\pgfmath@count=\count95
\pgfmath@box=\box27
\pgfmath@toks=\toks24
\pgfmath@stack@operand=\toks25
\pgfmath@stack@operation=\toks26
)
(/usr/share/texlive/texmf-dist/tex/generic/pgf/math/pgfmathfunctions.code.tex
(/usr/share/texlive/texmf-dist/tex/generic/pgf/math/pgfmathfunctions.basic.code
.tex)
(/usr/share/texlive/texmf-dist/tex/generic/pgf/math/pgfmathfunctions.trigonomet
ric.code.tex)
(/usr/share/texlive/texmf-dist/tex/generic/pgf/math/pgfmathfunctions.random.cod
e.tex)
(/usr/share/texlive/texmf-dist/tex/generic/pgf/math/pgfmathfunctions.comparison
.code.tex)
(/usr/share/texlive/texmf-dist/tex/generic/pgf/math/pgfmathfunctions.base.code.
tex)
(/usr/share/texlive/texmf-dist/tex/generic/pgf/math/pgfmathfunctions.round.code
.tex)
(/usr/share/texlive/texmf-dist/tex/generic/pgf/math/pgfmathfunctions.misc.code.
tex)
(/usr/share/texlive/texmf-dist/tex/generic/pgf/math/pgfmathfunctions.integerari
thmetics.code.tex)))
(/usr/share/texlive/texmf-dist/tex/generic/pgf/math/pgfmathfloat.code.tex
\c@pgfmathroundto@lastzeros=\count96
))
(/usr/share/texlive/texmf-dist/tex/generic/pgf/basiclayer/pgfcorepoints.code.te
x
File: pgfcorepoints.code.tex 2013/10/07  (rcs-revision 1.27)
\pgf@picminx=\dimen121
\pgf@picmaxx=\dimen122
\pgf@picminy=\dimen123
\pgf@picmaxy=\dimen124
\pgf@pathminx=\dimen125
\pgf@pathmaxx=\dimen126
\pgf@pathminy=\dimen127
\pgf@pathmaxy=\dimen128
\pgf@xx=\dimen129
\pgf@xy=\dimen130
\pgf@yx=\dimen131
\pgf@yy=\dimen132
\pgf@zx=\dimen133
\pgf@zy=\dimen134
)
(/usr/share/texlive/texmf-dist/tex/generic/pgf/basiclayer/pgfcorepathconstruct.
code.tex
File: pgfcorepathconstruct.code.tex 2013/10/07  (rcs-revision 1.29)
\pgf@path@lastx=\dimen135
\pgf@path@lasty=\dimen136
)
(/usr/share/texlive/texmf-dist/tex/generic/pgf/basiclayer/pgfcorepathusage.code
.tex
File: pgfcorepathusage.code.tex 2014/11/02  (rcs-revision 1.24)
\pgf@shorten@end@additional=\dimen137
\pgf@shorten@start@additional=\dimen138
)
(/usr/share/texlive/texmf-dist/tex/generic/pgf/basiclayer/pgfcorescopes.code.te
x
File: pgfcorescopes.code.tex 2015/05/08  (rcs-revision 1.46)
\pgfpic=\box28
\pgf@hbox=\box29
\pgf@layerbox@main=\box30
\pgf@picture@serial@count=\count97
)
(/usr/share/texlive/texmf-dist/tex/generic/pgf/basiclayer/pgfcoregraphicstate.c
ode.tex
File: pgfcoregraphicstate.code.tex 2014/11/02  (rcs-revision 1.12)
\pgflinewidth=\dimen139
)
(/usr/share/texlive/texmf-dist/tex/generic/pgf/basiclayer/pgfcoretransformation
s.code.tex
File: pgfcoretransformations.code.tex 2015/08/07  (rcs-revision 1.20)
\pgf@pt@x=\dimen140
\pgf@pt@y=\dimen141
\pgf@pt@temp=\dimen142
)
(/usr/share/texlive/texmf-dist/tex/generic/pgf/basiclayer/pgfcorequick.code.tex
File: pgfcorequick.code.tex 2008/10/09  (rcs-revision 1.3)
)
(/usr/share/texlive/texmf-dist/tex/generic/pgf/basiclayer/pgfcoreobjects.code.t
ex
File: pgfcoreobjects.code.tex 2006/10/11  (rcs-revision 1.2)
)
(/usr/share/texlive/texmf-dist/tex/generic/pgf/basiclayer/pgfcorepathprocessing
.code.tex
File: pgfcorepathprocessing.code.tex 2013/09/09  (rcs-revision 1.9)
)
(/usr/share/texlive/texmf-dist/tex/generic/pgf/basiclayer/pgfcorearrows.code.te
x
File: pgfcorearrows.code.tex 2015/05/14  (rcs-revision 1.43)
\pgfarrowsep=\dimen143
)
(/usr/share/texlive/texmf-dist/tex/generic/pgf/basiclayer/pgfcoreshade.code.tex
File: pgfcoreshade.code.tex 2013/07/15  (rcs-revision 1.15)
\pgf@max=\dimen144
\pgf@sys@shading@range@num=\count98
)
(/usr/share/texlive/texmf-dist/tex/generic/pgf/basiclayer/pgfcoreimage.code.tex
File: pgfcoreimage.code.tex 2013/07/15  (rcs-revision 1.18)

(/usr/share/texlive/texmf-dist/tex/generic/pgf/basiclayer/pgfcoreexternal.code.
tex
File: pgfcoreexternal.code.tex 2014/07/09  (rcs-revision 1.21)
\pgfexternal@startupbox=\box31
))
(/usr/share/texlive/texmf-dist/tex/generic/pgf/basiclayer/pgfcorelayers.code.te
x
File: pgfcorelayers.code.tex 2013/07/18  (rcs-revision 1.7)
)
(/usr/share/texlive/texmf-dist/tex/generic/pgf/basiclayer/pgfcoretransparency.c
ode.tex
File: pgfcoretransparency.code.tex 2013/09/30  (rcs-revision 1.5)
)
(/usr/share/texlive/texmf-dist/tex/generic/pgf/basiclayer/pgfcorepatterns.code.
tex
File: pgfcorepatterns.code.tex 2013/11/07  (rcs-revision 1.5)
)))
(/usr/share/texlive/texmf-dist/tex/generic/pgf/modules/pgfmoduleshapes.code.tex
File: pgfmoduleshapes.code.tex 2014/03/21  (rcs-revision 1.35)
\pgfnodeparttextbox=\box32
) (/usr/share/texlive/texmf-dist/tex/generic/pgf/modules/pgfmoduleplot.code.tex
File: pgfmoduleplot.code.tex 2015/08/03  (rcs-revision 1.13)
)
(/usr/share/texlive/texmf-dist/tex/latex/pgf/compatibility/pgfcomp-version-0-65
.sty
Package: pgfcomp-version-0-65 2007/07/03 v3.0.1a (rcs-revision 1.7)
\pgf@nodesepstart=\dimen145
\pgf@nodesepend=\dimen146
)
(/usr/share/texlive/texmf-dist/tex/latex/pgf/compatibility/pgfcomp-version-1-18
.sty
Package: pgfcomp-version-1-18 2007/07/23 v3.0.1a (rcs-revision 1.1)
)) (/usr/share/texlive/texmf-dist/tex/latex/pgf/utilities/pgffor.sty
(/usr/share/texlive/texmf-dist/tex/latex/pgf/utilities/pgfkeys.sty
(/usr/share/texlive/texmf-dist/tex/generic/pgf/utilities/pgfkeys.code.tex))
(/usr/share/texlive/texmf-dist/tex/latex/pgf/math/pgfmath.sty
(/usr/share/texlive/texmf-dist/tex/generic/pgf/math/pgfmath.code.tex))
(/usr/share/texlive/texmf-dist/tex/generic/pgf/utilities/pgffor.code.tex
Package: pgffor 2013/12/13 v3.0.1a (rcs-revision 1.25)

(/usr/share/texlive/texmf-dist/tex/generic/pgf/math/pgfmath.code.tex)
\pgffor@iter=\dimen147
\pgffor@skip=\dimen148
\pgffor@stack=\toks27
\pgffor@toks=\toks28
))
(/usr/share/texlive/texmf-dist/tex/generic/pgf/frontendlayer/tikz/tikz.code.tex
Package: tikz 2015/08/07 v3.0.1a (rcs-revision 1.151)

(/usr/share/texlive/texmf-dist/tex/generic/pgf/libraries/pgflibraryplothandlers
.code.tex
File: pgflibraryplothandlers.code.tex 2013/08/31 v3.0.1a (rcs-revision 1.20)
\pgf@plot@mark@count=\count99
\pgfplotmarksize=\dimen149
)
\tikz@lastx=\dimen150
\tikz@lasty=\dimen151
\tikz@lastxsaved=\dimen152
\tikz@lastysaved=\dimen153
\tikzleveldistance=\dimen154
\tikzsiblingdistance=\dimen155
\tikz@figbox=\box33
\tikz@figbox@bg=\box34
\tikz@tempbox=\box35
\tikz@tempbox@bg=\box36
\tikztreelevel=\count100
\tikznumberofchildren=\count101
\tikznumberofcurrentchild=\count102
\tikz@fig@count=\count103

(/usr/share/texlive/texmf-dist/tex/generic/pgf/modules/pgfmodulematrix.code.tex
File: pgfmodulematrix.code.tex 2013/09/17  (rcs-revision 1.8)
\pgfmatrixcurrentrow=\count104
\pgfmatrixcurrentcolumn=\count105
\pgf@matrix@numberofcolumns=\count106
)
\tikz@expandcount=\count107

(/usr/share/texlive/texmf-dist/tex/generic/pgf/frontendlayer/tikz/libraries/tik
zlibrarytopaths.code.tex
File: tikzlibrarytopaths.code.tex 2008/06/17 v3.0.1a (rcs-revision 1.2)
)))
(/usr/share/texlive/texmf-dist/tex/generic/pgfplots/pgfplots.code.tex
(/usr/share/texlive/texmf-dist/tex/generic/pgfplots/pgfplotscore.code.tex
\t@pgfplots@toka=\toks29
\t@pgfplots@tokb=\toks30
\t@pgfplots@tokc=\toks31
\pgfplots@tmpa=\dimen156
\c@pgfplots@coordindex=\count108
\c@pgfplots@scanlineindex=\count109

(/usr/share/texlive/texmf-dist/tex/generic/pgfplots/sys/pgfplotssysgeneric.code
.tex))
(/usr/share/texlive/texmf-dist/tex/generic/pgfplots/libs/pgfplotslibrary.code.t
ex)
(/usr/share/texlive/texmf-dist/tex/generic/pgfplots/oldpgfcompatib/pgfplotsoldp
gfsupp_loader.code.tex
(/usr/share/texlive/texmf-dist/tex/generic/pgf/libraries/pgflibraryfpu.code.tex
)
Package pgfplots: loading complementary arithmetics for your pgf version...

(/usr/share/texlive/texmf-dist/tex/generic/pgfplots/oldpgfcompatib/pgfplotsoldp
gfsupp_pgflibraryfpu.code.tex)
(/usr/share/texlive/texmf-dist/tex/generic/pgfplots/oldpgfcompatib/pgfplotsoldp
gfsupp_pgfmathfloat.code.tex
\c@pgfmathroundto@lastzeros=\count110
))
(/usr/share/texlive/texmf-dist/tex/generic/pgfplots/util/pgfplotsutil.code.tex
(/usr/share/texlive/texmf-dist/tex/generic/pgfplots/liststructure/pgfplotslists
tructure.code.tex)
(/usr/share/texlive/texmf-dist/tex/generic/pgfplots/liststructure/pgfplotslists
tructureext.code.tex)
(/usr/share/texlive/texmf-dist/tex/generic/pgfplots/liststructure/pgfplotsarray
.code.tex
\c@pgfplotsarray@tmp=\count111
)
(/usr/share/texlive/texmf-dist/tex/generic/pgfplots/liststructure/pgfplotsmatri
x.code.tex)
(/usr/share/texlive/texmf-dist/tex/generic/pgfplots/numtable/pgfplotstableshare
d.code.tex
\c@pgfplotstable@counta=\count112
\t@pgfplotstable@a=\toks32
)
(/usr/share/texlive/texmf-dist/tex/generic/pgfplots/liststructure/pgfplotsdeque
.code.tex)
(/usr/share/texlive/texmf-dist/tex/generic/pgfplots/util/pgfplotsbinary.code.te
x
(/usr/share/texlive/texmf-dist/tex/generic/pgfplots/util/pgfplotsbinary.data.co
de.tex))
(/usr/share/texlive/texmf-dist/tex/generic/pgfplots/util/pgfplotsutil.verb.code
.tex)
(/usr/share/texlive/texmf-dist/tex/generic/pgfplots/libs/pgflibrarypgfplots.sur
fshading.code.tex
\c@pgfplotslibrarysurf@no=\count113

(/usr/share/texlive/texmf-dist/tex/generic/pgfplots/sys/pgflibrarypgfplots.surf
shading.pgfsys-pdftex.def)))
(/usr/share/texlive/texmf-dist/tex/generic/pgfplots/util/pgfplotscolormap.code.
tex
(/usr/share/texlive/texmf-dist/tex/generic/pgfplots/util/pgfplotscolor.code.tex
))
(/usr/share/texlive/texmf-dist/tex/generic/pgfplots/pgfplotsstackedplots.code.t
ex)
(/usr/share/texlive/texmf-dist/tex/generic/pgfplots/pgfplotsplothandlers.code.t
ex
(/usr/share/texlive/texmf-dist/tex/generic/pgfplots/pgfplotsmeshplothandler.cod
e.tex
(/usr/share/texlive/texmf-dist/tex/generic/pgfplots/pgfplotsmeshplotimage.code.
tex)))
(/usr/share/texlive/texmf-dist/tex/generic/pgfplots/pgfplots.scaling.code.tex)
(/usr/share/texlive/texmf-dist/tex/generic/pgfplots/pgfplotscoordprocessing.cod
e.tex)
(/usr/share/texlive/texmf-dist/tex/generic/pgfplots/pgfplots.errorbars.code.tex
) (/usr/share/texlive/texmf-dist/tex/generic/pgfplots/pgfplots.markers.code.tex
) (/usr/share/texlive/texmf-dist/tex/generic/pgfplots/pgfplotsticks.code.tex)
(/usr/share/texlive/texmf-dist/tex/generic/pgfplots/pgfplots.paths.code.tex)
(/usr/share/texlive/texmf-dist/tex/generic/pgf/frontendlayer/tikz/libraries/tik
zlibrarydecorations.code.tex
(/usr/share/texlive/texmf-dist/tex/generic/pgf/modules/pgfmoduledecorations.cod
e.tex
\pgfdecoratedcompleteddistance=\dimen157
\pgfdecoratedremainingdistance=\dimen158
\pgfdecoratedinputsegmentcompleteddistance=\dimen159
\pgfdecoratedinputsegmentremainingdistance=\dimen160
\pgf@decorate@distancetomove=\dimen161
\pgf@decorate@repeatstate=\count114
\pgfdecorationsegmentamplitude=\dimen162
\pgfdecorationsegmentlength=\dimen163
)
\tikz@lib@dec@box=\box37
)
(/usr/share/texlive/texmf-dist/tex/generic/pgf/frontendlayer/tikz/libraries/tik
zlibrarydecorations.pathmorphing.code.tex
(/usr/share/texlive/texmf-dist/tex/generic/pgf/libraries/decorations/pgflibrary
decorations.pathmorphing.code.tex))
(/usr/share/texlive/texmf-dist/tex/generic/pgf/frontendlayer/tikz/libraries/tik
zlibrarydecorations.pathreplacing.code.tex
(/usr/share/texlive/texmf-dist/tex/generic/pgf/libraries/decorations/pgflibrary
decorations.pathreplacing.code.tex))
\pgfplots@numplots=\count115
\pgfplots@xmin@reg=\dimen164
\pgfplots@xmax@reg=\dimen165
\pgfplots@ymin@reg=\dimen166
\pgfplots@ymax@reg=\dimen167
\pgfplots@zmin@reg=\dimen168
\pgfplots@zmax@reg=\dimen169
)
(/usr/share/texlive/texmf-dist/tex/generic/pgf/frontendlayer/tikz/libraries/tik
zlibraryplotmarks.code.tex
File: tikzlibraryplotmarks.code.tex 2008/01/09 v3.0.1a (rcs-revision 1.1)

(/usr/share/texlive/texmf-dist/tex/generic/pgf/libraries/pgflibraryplotmarks.co
de.tex
File: pgflibraryplotmarks.code.tex 2015/08/03 v3.0.1a (rcs-revision 1.14)
))) (/usr/share/texlive/texmf-dist/tex/latex/tools/multicol.sty
Package: multicol 2015/08/19 v1.8n multicolumn formatting (FMi)
\c@tracingmulticols=\count116
\mult@box=\box38
\multicol@leftmargin=\dimen170
\c@unbalance=\count117
\c@collectmore=\count118
\doublecol@number=\count119
\multicoltolerance=\count120
\multicolpretolerance=\count121
\full@width=\dimen171
\page@free=\dimen172
\premulticols=\dimen173
\postmulticols=\dimen174
\multicolsep=\skip43
\multicolbaselineskip=\skip44
\partial@page=\box39
\last@line=\box40
\maxbalancingoverflow=\dimen175
\mult@rightbox=\box41
\mult@grightbox=\box42
\mult@gfirstbox=\box43
\mult@firstbox=\box44
\@tempa=\box45
\@tempa=\box46
\@tempa=\box47
\@tempa=\box48
\@tempa=\box49
\@tempa=\box50
\@tempa=\box51
\@tempa=\box52
\@tempa=\box53
\@tempa=\box54
\@tempa=\box55
\@tempa=\box56
\@tempa=\box57
\@tempa=\box58
\@tempa=\box59
\@tempa=\box60
\@tempa=\box61
\c@columnbadness=\count122
\c@finalcolumnbadness=\count123
\last@try=\dimen176
\multicolovershoot=\dimen177
\multicolundershoot=\dimen178
\mult@nat@firstbox=\box62
\colbreak@box=\box63
\mc@col@check@num=\count124
)
(/usr/share/texlive/texmf-dist/tex/latex/caption/caption.sty
Package: caption 2016/02/21 v3.3-144 Customizing captions (AR)

(/usr/share/texlive/texmf-dist/tex/latex/caption/caption3.sty
Package: caption3 2016/02/04 v1.7-139 caption3 kernel (AR)
Package caption3 Info: TeX engine: e-TeX on input line 67.
\captionmargin=\dimen179
\captionmargin@=\dimen180
\captionwidth=\dimen181
\caption@tempdima=\dimen182
\caption@indent=\dimen183
\caption@parindent=\dimen184
\caption@hangindent=\dimen185
)
\c@ContinuedFloat=\count125
)
(/usr/share/texlive/texmf-dist/tex/latex/caption/subcaption.sty
Package: subcaption 2016/02/20 v1.1-142 Sub-captions (AR)
\c@subfigure=\count126
\c@subtable=\count127
)
(/usr/share/texlive/texmf-dist/tex/latex/colortbl/colortbl.sty
Package: colortbl 2012/02/13 v1.0a Color table columns (DPC)

(/usr/share/texlive/texmf-dist/tex/latex/tools/array.sty
Package: array 2014/10/28 v2.4c Tabular extension package (FMi)
\col@sep=\dimen186
\extrarowheight=\dimen187
\NC@list=\toks33
\extratabsurround=\skip45
\backup@length=\skip46
)
\everycr=\toks34
\minrowclearance=\skip47
)
(/usr/share/texlive/texmf-dist/tex/latex/geometry/geometry.sty
Package: geometry 2010/09/12 v5.6 Page Geometry

(/usr/share/texlive/texmf-dist/tex/generic/oberdiek/ifpdf.sty
Package: ifpdf 2011/01/30 v2.3 Provides the ifpdf switch (HO)
Package ifpdf Info: pdfTeX in PDF mode is detected.
)
(/usr/share/texlive/texmf-dist/tex/generic/oberdiek/ifvtex.sty
Package: ifvtex 2010/03/01 v1.5 Detect VTeX and its facilities (HO)
Package ifvtex Info: VTeX not detected.
)
(/usr/share/texlive/texmf-dist/tex/generic/ifxetex/ifxetex.sty
Package: ifxetex 2010/09/12 v0.6 Provides ifxetex conditional
)
\Gm@cnth=\count128
\Gm@cntv=\count129
\c@Gm@tempcnt=\count130
\Gm@bindingoffset=\dimen188
\Gm@wd@mp=\dimen189
\Gm@odd@mp=\dimen190
\Gm@even@mp=\dimen191
\Gm@layoutwidth=\dimen192
\Gm@layoutheight=\dimen193
\Gm@layouthoffset=\dimen194
\Gm@layoutvoffset=\dimen195
\Gm@dimlist=\toks35
)
(./sprawozdanie.aux)
\openout1 = `sprawozdanie.aux'.

LaTeX Font Info:    Checking defaults for OML/cmm/m/it on input line 24.
LaTeX Font Info:    ... okay on input line 24.
LaTeX Font Info:    Checking defaults for T1/cmr/m/n on input line 24.
LaTeX Font Info:    ... okay on input line 24.
LaTeX Font Info:    Checking defaults for OT1/cmr/m/n on input line 24.
LaTeX Font Info:    ... okay on input line 24.
LaTeX Font Info:    Checking defaults for OMS/cmsy/m/n on input line 24.
LaTeX Font Info:    ... okay on input line 24.
LaTeX Font Info:    Checking defaults for OMX/cmex/m/n on input line 24.
LaTeX Font Info:    ... okay on input line 24.
LaTeX Font Info:    Checking defaults for U/cmr/m/n on input line 24.
LaTeX Font Info:    ... okay on input line 24.
 ABD: EveryShipout initializing macros
(/usr/share/texlive/texmf-dist/tex/context/base/supp-pdf.mkii
[Loading MPS to PDF converter (version 2006.09.02).]
\scratchcounter=\count131
\scratchdimen=\dimen196
\scratchbox=\box64
\nofMPsegments=\count132
\nofMParguments=\count133
\everyMPshowfont=\toks36
\MPscratchCnt=\count134
\MPscratchDim=\dimen197
\MPnumerator=\count135
\makeMPintoPDFobject=\count136
\everyMPtoPDFconversion=\toks37
) (/usr/share/texlive/texmf-dist/tex/generic/oberdiek/pdftexcmds.sty
Package: pdftexcmds 2011/11/29 v0.20 Utility functions of pdfTeX for LuaTeX (HO
)

(/usr/share/texlive/texmf-dist/tex/generic/oberdiek/ifluatex.sty
Package: ifluatex 2010/03/01 v1.3 Provides the ifluatex switch (HO)
Package ifluatex Info: LuaTeX not detected.
)
Package pdftexcmds Info: LuaTeX not detected.
Package pdftexcmds Info: \pdf@primitive is available.
Package pdftexcmds Info: \pdf@ifprimitive is available.
Package pdftexcmds Info: \pdfdraftmode found.
)
(/usr/share/texlive/texmf-dist/tex/latex/oberdiek/epstopdf-base.sty
Package: epstopdf-base 2010/02/09 v2.5 Base part for package epstopdf

(/usr/share/texlive/texmf-dist/tex/latex/oberdiek/grfext.sty
Package: grfext 2010/08/19 v1.1 Manage graphics extensions (HO)

(/usr/share/texlive/texmf-dist/tex/generic/oberdiek/kvdefinekeys.sty
Package: kvdefinekeys 2011/04/07 v1.3 Define keys (HO)
))
(/usr/share/texlive/texmf-dist/tex/latex/oberdiek/kvoptions.sty
Package: kvoptions 2011/06/30 v3.11 Key value format for package options (HO)

(/usr/share/texlive/texmf-dist/tex/generic/oberdiek/kvsetkeys.sty
Package: kvsetkeys 2012/04/25 v1.16 Key value parser (HO)

(/usr/share/texlive/texmf-dist/tex/generic/oberdiek/etexcmds.sty
Package: etexcmds 2011/02/16 v1.5 Avoid name clashes with e-TeX commands (HO)
Package etexcmds Info: Could not find \expanded.
(etexcmds)             That can mean that you are not using pdfTeX 1.50 or
(etexcmds)             that some package has redefined \expanded.
(etexcmds)             In the latter case, load this package earlier.
)))
Package grfext Info: Graphics extension search list:
(grfext)             [.png,.pdf,.jpg,.mps,.jpeg,.jbig2,.jb2,.PNG,.PDF,.JPG,.JPE
G,.JBIG2,.JB2,.eps]
(grfext)             \AppendGraphicsExtensions on input line 452.

(/usr/share/texlive/texmf-dist/tex/latex/latexconfig/epstopdf-sys.cfg
File: epstopdf-sys.cfg 2010/07/13 v1.3 Configuration of (r)epstopdf for TeX Liv
e
))

Package pgfplots Warning: running in backwards compatibility mode (unsuitable t
ick labels; missing features). Consider writing \pgfplotsset{compat=1.13} into 
your preamble.
 on input line 24.

Package caption Info: Begin \AtBeginDocument code.
Package caption Info: End \AtBeginDocument code.
*geometry* driver: auto-detecting
*geometry* detected driver: pdftex
*geometry* verbose mode - [ preamble ] result:
* driver: pdftex
* paper: a4paper
* layout: <same size as paper>
* layoutoffset:(h,v)=(0.0pt,0.0pt)
* modes: 
* h-part:(L,W,R)=(56.9055pt, 483.69684pt, 56.90553pt)
* v-part:(T,H,B)=(56.9055pt, 731.23582pt, 56.90552pt)
* \paperwidth=597.50787pt
* \paperheight=845.04684pt
* \textwidth=483.69684pt
* \textheight=731.23582pt
* \oddsidemargin=-15.36449pt
* \evensidemargin=-15.36449pt
* \topmargin=-52.36449pt
* \headheight=12.0pt
* \headsep=25.0pt
* \topskip=10.0pt
* \footskip=30.0pt
* \marginparwidth=57.0pt
* \marginparsep=11.0pt
* \columnsep=10.0pt
* \skip\footins=9.0pt plus 4.0pt minus 2.0pt
* \hoffset=0.0pt
* \voffset=0.0pt
* \mag=1000
* \@twocolumnfalse
* \@twosidefalse
* \@mparswitchfalse
* \@reversemarginfalse
* (1in=72.27pt=25.4mm, 1cm=28.453pt)

LaTeX Font Info:    External font `cmex10' loaded for size
(Font)              <12> on input line 25.
LaTeX Font Info:    External font `cmex10' loaded for size
(Font)              <8> on input line 25.
LaTeX Font Info:    External font `cmex10' loaded for size
(Font)              <6> on input line 25.

Underfull \hbox (badness 10000) in paragraph at lines 28--31

 []


Underfull \hbox (badness 10000) in paragraph at lines 32--33

 []

[1

{/var/lib/texmf/fonts/map/pdftex/updmap/pdftex.map}]
Underfull \hbox (badness 10000) in paragraph at lines 43--44

 []

<2.1/dobble04.jpg, id=13, 1606.0pt x 1204.5pt>
File: 2.1/dobble04.jpg Graphic file (type jpg)
 <use 2.1/dobble04.jpg>
Package pdftex.def Info: 2.1/dobble04.jpg used on input line 45.
(pdftex.def)             Requested size: 401.49902pt x 301.12427pt.

Underfull \hbox (badness 10000) in paragraph at lines 47--48

 []

<2.1/th1.jpg, id=14, 1606.0pt x 1204.5pt>
File: 2.1/th1.jpg Graphic file (type jpg)
 <use 2.1/th1.jpg>
Package pdftex.def Info: 2.1/th1.jpg used on input line 49.
(pdftex.def)             Requested size: 321.19432pt x 240.89574pt.

Underfull \hbox (badness 10000) in paragraph at lines 51--52

 []

[2 <./2.1/dobble04.jpg> <./2.1/th1.jpg>]
<2.1/card0.jpg, id=19, 396.48125pt x 404.51125pt>
File: 2.1/card0.jpg Graphic file (type jpg)
 <use 2.1/card0.jpg>
Package pdftex.def Info: 2.1/card0.jpg used on input line 53.
(pdftex.def)             Requested size: 99.12006pt x 101.12756pt.

<2.1/card1.jpg, id=20, 404.51125pt x 410.53375pt>
File: 2.1/card1.jpg Graphic file (type jpg)
 <use 2.1/card1.jpg>
Package pdftex.def Info: 2.1/card1.jpg used on input line 54.
(pdftex.def)             Requested size: 101.12756pt x 102.63318pt.

<2.1/card2.jpg, id=21, 390.45876pt x 389.455pt>
File: 2.1/card2.jpg Graphic file (type jpg)
 <use 2.1/card2.jpg>
Package pdftex.def Info: 2.1/card2.jpg used on input line 55.
(pdftex.def)             Requested size: 97.61444pt x 97.36351pt.

<2.1/card3.jpg, id=22, 403.5075pt x 394.47375pt>
File: 2.1/card3.jpg Graphic file (type jpg)
 <use 2.1/card3.jpg>
Package pdftex.def Info: 2.1/card3.jpg used on input line 56.
(pdftex.def)             Requested size: 100.87662pt x 98.6182pt.

<2.1/card4.jpg, id=23, 388.45125pt x 387.4475pt>
File: 2.1/card4.jpg Graphic file (type jpg)
 <use 2.1/card4.jpg>
Package pdftex.def Info: 2.1/card4.jpg used on input line 57.
(pdftex.def)             Requested size: 97.11256pt x 96.86163pt.

<2.1/card5.jpg, id=24, 388.45125pt x 386.44376pt>
File: 2.1/card5.jpg Graphic file (type jpg)
 <use 2.1/card5.jpg>
Package pdftex.def Info: 2.1/card5.jpg used on input line 58.
(pdftex.def)             Requested size: 97.11256pt x 96.6107pt.

Underfull \hbox (badness 10000) in paragraph at lines 60--62

 []

<2.1/0.jpg, id=25, 396.48125pt x 404.51125pt>
File: 2.1/0.jpg Graphic file (type jpg)
 <use 2.1/0.jpg>
Package pdftex.def Info: 2.1/0.jpg used on input line 63.
(pdftex.def)             Requested size: 99.12006pt x 101.12756pt.

<2.1/1.jpg, id=26, 404.51125pt x 410.53375pt>
File: 2.1/1.jpg Graphic file (type jpg)
 <use 2.1/1.jpg>
Package pdftex.def Info: 2.1/1.jpg used on input line 64.
(pdftex.def)             Requested size: 101.12756pt x 102.63318pt.

<2.1/2.jpg, id=27, 390.45876pt x 389.455pt>
File: 2.1/2.jpg Graphic file (type jpg)
 <use 2.1/2.jpg>
Package pdftex.def Info: 2.1/2.jpg used on input line 65.
(pdftex.def)             Requested size: 97.61444pt x 97.36351pt.

<2.1/3.jpg, id=28, 403.5075pt x 394.47375pt>
File: 2.1/3.jpg Graphic file (type jpg)
 <use 2.1/3.jpg>
Package pdftex.def Info: 2.1/3.jpg used on input line 66.
(pdftex.def)             Requested size: 100.87662pt x 98.6182pt.

<2.1/4.jpg, id=29, 388.45125pt x 387.4475pt>
File: 2.1/4.jpg Graphic file (type jpg)
 <use 2.1/4.jpg>
Package pdftex.def Info: 2.1/4.jpg used on input line 67.
(pdftex.def)             Requested size: 97.11256pt x 96.86163pt.

<2.1/5.jpg, id=30, 388.45125pt x 386.44376pt>
File: 2.1/5.jpg Graphic file (type jpg)
 <use 2.1/5.jpg>
Package pdftex.def Info: 2.1/5.jpg used on input line 68.
(pdftex.def)             Requested size: 97.11256pt x 96.6107pt.

Underfull \hbox (badness 10000) in paragraph at lines 70--71

 []

<2.1/sign10.jpg, id=31, 79.29625pt x 126.4725pt>
File: 2.1/sign10.jpg Graphic file (type jpg)
 <use 2.1/sign10.jpg>
Package pdftex.def Info: 2.1/sign10.jpg used on input line 72.
(pdftex.def)             Requested size: 39.64801pt x 63.23608pt.

<2.1/sign11.jpg, id=32, 64.24pt x 66.2475pt>
File: 2.1/sign11.jpg Graphic file (type jpg)
 <use 2.1/sign11.jpg>
Package pdftex.def Info: 2.1/sign11.jpg used on input line 73.
(pdftex.def)             Requested size: 32.11992pt x 33.12366pt.

<2.1/sign12.jpg, id=33, 59.22125pt x 92.345pt>
File: 2.1/sign12.jpg Graphic file (type jpg)
 <use 2.1/sign12.jpg>
Package pdftex.def Info: 2.1/sign12.jpg used on input line 74.
(pdftex.def)             Requested size: 29.61053pt x 46.17238pt.

<2.1/sign13.jpg, id=34, 69.25874pt x 120.45pt>
File: 2.1/sign13.jpg Graphic file (type jpg)
 <use 2.1/sign13.jpg>
Package pdftex.def Info: 2.1/sign13.jpg used on input line 75.
(pdftex.def)             Requested size: 34.62927pt x 60.22484pt.

<2.1/sign14.jpg, id=35, 82.3075pt x 86.3225pt>
File: 2.1/sign14.jpg Graphic file (type jpg)
 <use 2.1/sign14.jpg>
Package pdftex.def Info: 2.1/sign14.jpg used on input line 76.
(pdftex.def)             Requested size: 41.15364pt x 43.16113pt.

<2.1/sign15.jpg, id=36, 36.135pt x 84.315pt>
File: 2.1/sign15.jpg Graphic file (type jpg)
 <use 2.1/sign15.jpg>
Package pdftex.def Info: 2.1/sign15.jpg used on input line 77.
(pdftex.def)             Requested size: 18.06744pt x 42.15738pt.

<2.1/sign16.jpg, id=37, 52.195pt x 133.49875pt>
File: 2.1/sign16.jpg Graphic file (type jpg)
 <use 2.1/sign16.jpg>
Package pdftex.def Info: 2.1/sign16.jpg used on input line 78.
(pdftex.def)             Requested size: 26.09743pt x 66.74919pt.

<2.1/sign17.jpg, id=38, 130.4875pt x 142.5325pt>
File: 2.1/sign17.jpg Graphic file (type jpg)
 <use 2.1/sign17.jpg>
Package pdftex.def Info: 2.1/sign17.jpg used on input line 79.
(pdftex.def)             Requested size: 65.24358pt x 71.26607pt.
File: 2.1/card1.jpg Graphic file (type jpg)

<use 2.1/card1.jpg>
Package pdftex.def Info: 2.1/card1.jpg used on input line 83.
(pdftex.def)             Requested size: 161.80162pt x 164.21059pt.
 [3 <./2.1/card0.jpg> <./2.1/card1.jpg> <./2.1/card2.jpg> <./2.1/card3.jpg> <./
2.1/card4.jpg> <./2.1/card5.jpg> <./2.1/0.jpg> <./2.1/1.jpg> <./2.1/2.jpg> <./2
.1/3.jpg> <./2.1/4.jpg> <./2.1/5.jpg> <./2.1/sign10.jpg> <./2.1/sign11.jpg> <./
2.1/sign12.jpg> <./2.1/sign13.jpg> <./2.1/sign14.jpg> <./2.1/sign15.jpg> <./2.1
/sign16.jpg> <./2.1/sign17.jpg>]
<2.1/card1sign0.jpg, id=42, 79.29625pt x 126.4725pt>
File: 2.1/card1sign0.jpg Graphic file (type jpg)
 <use 2.1/card1sign0.jpg>
Package pdftex.def Info: 2.1/card1sign0.jpg used on input line 84.
(pdftex.def)             Requested size: 39.64801pt x 63.23608pt.

<2.1/card1sign1.jpg, id=43, 64.24pt x 66.2475pt>
File: 2.1/card1sign1.jpg Graphic file (type jpg)
 <use 2.1/card1sign1.jpg>
Package pdftex.def Info: 2.1/card1sign1.jpg used on input line 85.
(pdftex.def)             Requested size: 32.11992pt x 33.12366pt.

<2.1/card1sign2.jpg, id=44, 59.22125pt x 92.345pt>
File: 2.1/card1sign2.jpg Graphic file (type jpg)
 <use 2.1/card1sign2.jpg>
Package pdftex.def Info: 2.1/card1sign2.jpg used on input line 86.
(pdftex.def)             Requested size: 29.61053pt x 46.17238pt.

<2.1/card1sign3.jpg, id=45, 69.25874pt x 120.45pt>
File: 2.1/card1sign3.jpg Graphic file (type jpg)
 <use 2.1/card1sign3.jpg>
Package pdftex.def Info: 2.1/card1sign3.jpg used on input line 87.
(pdftex.def)             Requested size: 34.62927pt x 60.22484pt.

<2.1/card1sign4.jpg, id=46, 82.3075pt x 86.3225pt>
File: 2.1/card1sign4.jpg Graphic file (type jpg)
 <use 2.1/card1sign4.jpg>
Package pdftex.def Info: 2.1/card1sign4.jpg used on input line 88.
(pdftex.def)             Requested size: 41.15364pt x 43.16113pt.

<2.1/card1sign5.jpg, id=47, 36.135pt x 84.315pt>
File: 2.1/card1sign5.jpg Graphic file (type jpg)
 <use 2.1/card1sign5.jpg>
Package pdftex.def Info: 2.1/card1sign5.jpg used on input line 89.
(pdftex.def)             Requested size: 18.06744pt x 42.15738pt.

<2.1/card1sign6.jpg, id=48, 52.195pt x 133.49875pt>
File: 2.1/card1sign6.jpg Graphic file (type jpg)
 <use 2.1/card1sign6.jpg>
Package pdftex.def Info: 2.1/card1sign6.jpg used on input line 90.
(pdftex.def)             Requested size: 26.09743pt x 66.74919pt.

<2.1/card1sign7.jpg, id=49, 130.4875pt x 142.5325pt>
File: 2.1/card1sign7.jpg Graphic file (type jpg)
 <use 2.1/card1sign7.jpg>
Package pdftex.def Info: 2.1/card1sign7.jpg used on input line 91.
(pdftex.def)             Requested size: 65.24358pt x 71.26607pt.

<2.1/img_arrows0.jpg, id=50, 1606.0pt x 1204.5pt>
File: 2.1/img_arrows0.jpg Graphic file (type jpg)
 <use 2.1/img_arrows0.jpg>
Package pdftex.def Info: 2.1/img_arrows0.jpg used on input line 95.
(pdftex.def)             Requested size: 401.49902pt x 301.12427pt.

[4 <./2.1/card1sign0.jpg> <./2.1/card1sign1.jpg> <./2.1/card1sign2.jpg> <./2.1/
card1sign3.jpg> <./2.1/card1sign4.jpg> <./2.1/card1sign5.jpg> <./2.1/card1sign6
.jpg> <./2.1/card1sign7.jpg> <./2.1/img_arrows0.jpg>]
Underfull \hbox (badness 10000) in paragraph at lines 101--102

 []

<2.2/dobble11.jpg, id=54, 1606.0pt x 1204.5pt>
File: 2.2/dobble11.jpg Graphic file (type jpg)
 <use 2.2/dobble11.jpg>
Package pdftex.def Info: 2.2/dobble11.jpg used on input line 103.
(pdftex.def)             Requested size: 401.49902pt x 301.12427pt.

<2.2/th1.jpg, id=55, 1606.0pt x 1204.5pt>
File: 2.2/th1.jpg Graphic file (type jpg)
 <use 2.2/th1.jpg>
Package pdftex.def Info: 2.2/th1.jpg used on input line 107.
(pdftex.def)             Requested size: 321.19432pt x 240.89574pt.
 [5 <./2.2/dobble11.jpg> <./2.2/th1.jpg>] <2.2/card2.jpg, id=59, 317.185pt x 32
3.2075pt>
File: 2.2/card2.jpg Graphic file (type jpg)

<use 2.2/card2.jpg>
Package pdftex.def Info: 2.2/card2.jpg used on input line 112.
(pdftex.def)             Requested size: 79.29605pt x 80.80167pt.
 <2.2/card0.jpg, id=60, 336.25626pt x 333.245pt>
File: 2.2/card0.jpg Graphic file (type jpg)

<use 2.2/card0.jpg>
Package pdftex.def Info: 2.2/card0.jpg used on input line 113.
(pdftex.def)             Requested size: 84.06386pt x 83.31104pt.
 <2.2/card1.jpg, id=61, 375.4025pt x 351.3125pt>
File: 2.2/card1.jpg Graphic file (type jpg)

<use 2.2/card1.jpg>
Package pdftex.def Info: 2.2/card1.jpg used on input line 114.
(pdftex.def)             Requested size: 93.85039pt x 87.8279pt.
 <2.2/2.jpg, id=62, 317.185pt x 323.2075pt>
File: 2.2/2.jpg Graphic file (type jpg)
 <use 2.2/2.jpg>
Package pdftex.def Info: 2.2/2.jpg used on input line 118.
(pdftex.def)             Requested size: 79.29605pt x 80.80167pt.

<2.2/0.jpg, id=63, 336.25626pt x 333.245pt>
File: 2.2/0.jpg Graphic file (type jpg)
 <use 2.2/0.jpg>
Package pdftex.def Info: 2.2/0.jpg used on input line 119.
(pdftex.def)             Requested size: 84.06386pt x 83.31104pt.

<2.2/1.jpg, id=64, 375.4025pt x 351.3125pt>
File: 2.2/1.jpg Graphic file (type jpg)
 <use 2.2/1.jpg>
Package pdftex.def Info: 2.2/1.jpg used on input line 120.
(pdftex.def)             Requested size: 93.85039pt x 87.8279pt.

<2.2/sign00.jpg, id=65, 64.24pt x 70.2625pt>
File: 2.2/sign00.jpg Graphic file (type jpg)
 <use 2.2/sign00.jpg>
Package pdftex.def Info: 2.2/sign00.jpg used on input line 124.
(pdftex.def)             Requested size: 32.11992pt x 35.13115pt.

<2.2/sign01.jpg, id=66, 50.1875pt x 106.3975pt>
File: 2.2/sign01.jpg Graphic file (type jpg)
 <use 2.2/sign01.jpg>
Package pdftex.def Info: 2.2/sign01.jpg used on input line 125.
(pdftex.def)             Requested size: 25.09367pt x 53.19861pt.

<2.2/sign02.jpg, id=67, 61.22874pt x 88.33pt>
File: 2.2/sign02.jpg Graphic file (type jpg)
 <use 2.2/sign02.jpg>
Package pdftex.def Info: 2.2/sign02.jpg used on input line 126.
(pdftex.def)             Requested size: 30.61429pt x 44.16489pt.

<2.2/sign03.jpg, id=68, 46.1725pt x 67.25125pt>
File: 2.2/sign03.jpg Graphic file (type jpg)
 <use 2.2/sign03.jpg>
Package pdftex.def Info: 2.2/sign03.jpg used on input line 127.
(pdftex.def)             Requested size: 23.08618pt x 33.62553pt.

<2.2/sign04.jpg, id=69, 83.31125pt x 107.40125pt>
File: 2.2/sign04.jpg Graphic file (type jpg)
 <use 2.2/sign04.jpg>
Package pdftex.def Info: 2.2/sign04.jpg used on input line 128.
(pdftex.def)             Requested size: 41.65552pt x 53.70049pt.

<2.2/sign05.jpg, id=70, 84.315pt x 85.31876pt>
File: 2.2/sign05.jpg Graphic file (type jpg)
 <use 2.2/sign05.jpg>
Package pdftex.def Info: 2.2/sign05.jpg used on input line 129.
(pdftex.def)             Requested size: 42.15738pt x 42.65926pt.

<2.2/sign06.jpg, id=71, 59.22125pt x 66.2475pt>
File: 2.2/sign06.jpg Graphic file (type jpg)
 <use 2.2/sign06.jpg>
Package pdftex.def Info: 2.2/sign06.jpg used on input line 130.
(pdftex.def)             Requested size: 29.61053pt x 33.12366pt.

<2.2/sign07.jpg, id=72, 24.09pt x 94.3525pt>
File: 2.2/sign07.jpg Graphic file (type jpg)
 <use 2.2/sign07.jpg>
Package pdftex.def Info: 2.2/sign07.jpg used on input line 131.
(pdftex.def)             Requested size: 12.04495pt x 47.17612pt.

<2.2/card0sign0.jpg, id=73, 64.24pt x 70.2625pt>
File: 2.2/card0sign0.jpg Graphic file (type jpg)
 <use 2.2/card0sign0.jpg>
Package pdftex.def Info: 2.2/card0sign0.jpg used on input line 134.
(pdftex.def)             Requested size: 32.11992pt x 35.13115pt.

<2.2/card0sign1.jpg, id=74, 50.1875pt x 106.3975pt>
File: 2.2/card0sign1.jpg Graphic file (type jpg)
 <use 2.2/card0sign1.jpg>
Package pdftex.def Info: 2.2/card0sign1.jpg used on input line 135.
(pdftex.def)             Requested size: 25.09367pt x 53.19861pt.

<2.2/card0sign2.jpg, id=75, 61.22874pt x 88.33pt>
File: 2.2/card0sign2.jpg Graphic file (type jpg)
 <use 2.2/card0sign2.jpg>
Package pdftex.def Info: 2.2/card0sign2.jpg used on input line 136.
(pdftex.def)             Requested size: 30.61429pt x 44.16489pt.

<2.2/card0sign3.jpg, id=76, 46.1725pt x 67.25125pt>
File: 2.2/card0sign3.jpg Graphic file (type jpg)
 <use 2.2/card0sign3.jpg>
Package pdftex.def Info: 2.2/card0sign3.jpg used on input line 137.
(pdftex.def)             Requested size: 23.08618pt x 33.62553pt.

<2.2/card0sign4.jpg, id=77, 83.31125pt x 107.40125pt>
File: 2.2/card0sign4.jpg Graphic file (type jpg)
 <use 2.2/card0sign4.jpg>
Package pdftex.def Info: 2.2/card0sign4.jpg used on input line 138.
(pdftex.def)             Requested size: 41.65552pt x 53.70049pt.

<2.2/card0sign5.jpg, id=78, 84.315pt x 85.31876pt>
File: 2.2/card0sign5.jpg Graphic file (type jpg)
 <use 2.2/card0sign5.jpg>
Package pdftex.def Info: 2.2/card0sign5.jpg used on input line 139.
(pdftex.def)             Requested size: 42.15738pt x 42.65926pt.

<2.2/card0sign6.jpg, id=79, 59.22125pt x 66.2475pt>
File: 2.2/card0sign6.jpg Graphic file (type jpg)
 <use 2.2/card0sign6.jpg>
Package pdftex.def Info: 2.2/card0sign6.jpg used on input line 140.
(pdftex.def)             Requested size: 29.61053pt x 33.12366pt.

<2.2/card0sign7.jpg, id=80, 24.09pt x 94.3525pt>
File: 2.2/card0sign7.jpg Graphic file (type jpg)
 <use 2.2/card0sign7.jpg>
Package pdftex.def Info: 2.2/card0sign7.jpg used on input line 141.
(pdftex.def)             Requested size: 12.04495pt x 47.17612pt.

[6 <./2.2/card2.jpg> <./2.2/card0.jpg> <./2.2/card1.jpg> <./2.2/2.jpg> <./2.2/0
.jpg> <./2.2/1.jpg> <./2.2/sign00.jpg> <./2.2/sign01.jpg> <./2.2/sign02.jpg> <.
/2.2/sign03.jpg> <./2.2/sign04.jpg> <./2.2/sign05.jpg> <./2.2/sign06.jpg> <./2.
2/sign07.jpg> <./2.2/card0sign0.jpg> <./2.2/card0sign1.jpg> <./2.2/card0sign2.j
pg> <./2.2/card0sign3.jpg> <./2.2/card0sign4.jpg> <./2.2/card0sign5.jpg> <./2.2
/card0sign6.jpg> <./2.2/card0sign7.jpg>]
<2.2/img_arrows0.jpg, id=84, 1606.0pt x 1204.5pt>
File: 2.2/img_arrows0.jpg Graphic file (type jpg)
 <use 2.2/img_arrows0.jpg>
Package pdftex.def Info: 2.2/img_arrows0.jpg used on input line 147.
(pdftex.def)             Requested size: 401.49902pt x 301.12427pt.

<2.2/card1sign3.jpg, id=85, 40.15pt x 72.27pt>
File: 2.2/card1sign3.jpg Graphic file (type jpg)
 <use 2.2/card1sign3.jpg>
Package pdftex.def Info: 2.2/card1sign3.jpg used on input line 151.
(pdftex.def)             Requested size: 40.14989pt x 72.2698pt.

<2.2/card2sign0.jpg, id=86, 44.165pt x 67.25125pt>
File: 2.2/card2sign0.jpg Graphic file (type jpg)
 <use 2.2/card2sign0.jpg>
Package pdftex.def Info: 2.2/card2sign0.jpg used on input line 152.
(pdftex.def)             Requested size: 44.16487pt x 67.25107pt.

[7 <./2.2/img_arrows0.jpg> <./2.2/card1sign3.jpg> <./2.2/card2sign0.jpg>]
<2.3/dobble14.jpg, id=91, 1606.0pt x 1204.5pt>
File: 2.3/dobble14.jpg Graphic file (type jpg)
 <use 2.3/dobble14.jpg>
Package pdftex.def Info: 2.3/dobble14.jpg used on input line 159.
(pdftex.def)             Requested size: 401.49902pt x 301.12427pt.

<2.3/th1.jpg, id=92, 1606.0pt x 1204.5pt>
File: 2.3/th1.jpg Graphic file (type jpg)
 <use 2.3/th1.jpg>
Package pdftex.def Info: 2.3/th1.jpg used on input line 163.
(pdftex.def)             Requested size: 401.49902pt x 301.12427pt.
 [8 <./2.3/dobble14.jpg> <./2.3/th1.jpg>] <2.3/20.jpg, id=96, 1606.0pt x 1204.5
pt>
File: 2.3/20.jpg Graphic file (type jpg)

<use 2.3/20.jpg>
Package pdftex.def Info: 2.3/20.jpg used on input line 168.
(pdftex.def)             Requested size: 401.49902pt x 301.12427pt.
 <2.3/sign02.jpg, id=97, 54.2025pt x 129.48375pt>
File: 2.3/sign02.jpg Graphic file (type jpg)

<use 2.3/sign02.jpg>
Package pdftex.def Info: 2.3/sign02.jpg used on input line 172.
(pdftex.def)             Requested size: 13.55058pt x 32.37085pt.
 <2.3/sign03.jpg, id=98, 77.28876pt x 138.5175pt>
File: 2.3/sign03.jpg Graphic file (type jpg)

<use 2.3/sign03.jpg>
Package pdftex.def Info: 2.3/sign03.jpg used on input line 173.
(pdftex.def)             Requested size: 19.32213pt x 34.62929pt.
 <2.3/sign04.jpg, id=99, 77.28876pt x 123.46124pt>
File: 2.3/sign04.jpg Graphic file (type jpg)

<use 2.3/sign04.jpg>
Package pdftex.def Info: 2.3/sign04.jpg used on input line 174.
(pdftex.def)             Requested size: 19.32213pt x 30.86522pt.
 <2.3/sign05.jpg, id=100, 44.165pt x 125.46875pt>
File: 2.3/sign05.jpg Graphic file (type jpg)

<use 2.3/sign05.jpg>
Package pdftex.def Info: 2.3/sign05.jpg used on input line 175.
(pdftex.def)             Requested size: 11.04121pt x 31.3671pt.
 <2.3/sign06.jpg, id=101, 87.32625pt x 191.71625pt>
File: 2.3/sign06.jpg Graphic file (type jpg)

<use 2.3/sign06.jpg>
Package pdftex.def Info: 2.3/sign06.jpg used on input line 176.
(pdftex.def)             Requested size: 21.8315pt x 47.92894pt.
 <2.3/sign07.jpg, id=102, 52.195pt x 145.54375pt>
File: 2.3/sign07.jpg Graphic file (type jpg)

<use 2.3/sign07.jpg>
Package pdftex.def Info: 2.3/sign07.jpg used on input line 177.
(pdftex.def)             Requested size: 13.0487pt x 36.38583pt.
 <2.3/sign11.jpg, id=103, 66.2475pt x 110.4125pt>
File: 2.3/sign11.jpg Graphic file (type jpg)

<use 2.3/sign11.jpg>
Package pdftex.def Info: 2.3/sign11.jpg used on input line 178.
(pdftex.def)             Requested size: 16.56183pt x 27.60304pt.
 <2.3/sign12.jpg, id=104, 100.375pt x 141.52875pt>
File: 2.3/sign12.jpg Graphic file (type jpg)

<use 2.3/sign12.jpg>
Package pdftex.def Info: 2.3/sign12.jpg used on input line 179.
(pdftex.def)             Requested size: 25.09367pt x 35.3821pt.
 <2.3/sign13.jpg, id=105, 68.255pt x 80.3pt>
File: 2.3/sign13.jpg Graphic file (type jpg)

<use 2.3/sign13.jpg>
Package pdftex.def Info: 2.3/sign13.jpg used on input line 180.
(pdftex.def)             Requested size: 17.0637pt x 20.07494pt.
 <2.3/sign14.jpg, id=106, 76.285pt x 98.3675pt>
File: 2.3/sign14.jpg Graphic file (type jpg)

<use 2.3/sign14.jpg>
Package pdftex.def Info: 2.3/sign14.jpg used on input line 181.
(pdftex.def)             Requested size: 19.0712pt x 24.5918pt.
 <2.3/sign15.jpg, id=107, 93.34875pt x 122.4575pt>
File: 2.3/sign15.jpg Graphic file (type jpg)

<use 2.3/sign15.jpg>
Package pdftex.def Info: 2.3/sign15.jpg used on input line 182.
(pdftex.def)             Requested size: 23.33713pt x 30.61429pt.
 <2.3/sign16.jpg, id=108, 140.525pt x 148.555pt>
File: 2.3/sign16.jpg Graphic file (type jpg)

<use 2.3/sign16.jpg>
Package pdftex.def Info: 2.3/sign16.jpg used on input line 183.
(pdftex.def)             Requested size: 35.13115pt x 37.13866pt.
 <2.3/sign17.jpg, id=109, 56.21pt x 88.33pt>
File: 2.3/sign17.jpg Graphic file (type jpg)

<use 2.3/sign17.jpg>
Package pdftex.def Info: 2.3/sign17.jpg used on input line 184.
(pdftex.def)             Requested size: 14.05246pt x 22.08244pt.
 <2.3/sign20.jpg, id=110, 72.27pt x 74.2775pt>
File: 2.3/sign20.jpg Graphic file (type jpg)

<use 2.3/sign20.jpg>
Package pdftex.def Info: 2.3/sign20.jpg used on input line 185.
(pdftex.def)             Requested size: 18.06744pt x 18.56932pt.
 <2.3/sign21.jpg, id=111, 68.255pt x 91.34125pt>
File: 2.3/sign21.jpg Graphic file (type jpg)

<use 2.3/sign21.jpg>
Package pdftex.def Info: 2.3/sign21.jpg used on input line 186.
(pdftex.def)             Requested size: 17.0637pt x 22.83525pt.
 <2.3/sign22.jpg, id=112, 111.41624pt x 118.4425pt>
File: 2.3/sign22.jpg Graphic file (type jpg)

<use 2.3/sign22.jpg>
Package pdftex.def Info: 2.3/sign22.jpg used on input line 187.
(pdftex.def)             Requested size: 27.85399pt x 29.61055pt.
 <2.3/sign23.jpg, id=113, 100.375pt x 105.39375pt>
File: 2.3/sign23.jpg Graphic file (type jpg)

<use 2.3/sign23.jpg>
Package pdftex.def Info: 2.3/sign23.jpg used on input line 188.
(pdftex.def)             Requested size: 25.09367pt x 26.34836pt.
 <2.3/sign24.jpg, id=114, 106.3975pt x 115.43124pt>
File: 2.3/sign24.jpg Graphic file (type jpg)

<use 2.3/sign24.jpg>
Package pdftex.def Info: 2.3/sign24.jpg used on input line 189.
(pdftex.def)             Requested size: 26.5993pt x 28.85773pt.
 <2.3/sign25.jpg, id=115, 67.25125pt x 105.39375pt>
File: 2.3/sign25.jpg Graphic file (type jpg)

<use 2.3/sign25.jpg>
Package pdftex.def Info: 2.3/sign25.jpg used on input line 190.
(pdftex.def)             Requested size: 16.81276pt x 26.34836pt.
 <2.3/sign26.jpg, id=116, 66.2475pt x 121.45375pt>
File: 2.3/sign26.jpg Graphic file (type jpg)

<use 2.3/sign26.jpg>
Package pdftex.def Info: 2.3/sign26.jpg used on input line 191.
(pdftex.def)             Requested size: 16.56183pt x 30.36336pt.
 <2.3/sign30.jpg, id=117, 173.64874pt x 219.82124pt>
File: 2.3/sign30.jpg Graphic file (type jpg)

<use 2.3/sign30.jpg>
Package pdftex.def Info: 2.3/sign30.jpg used on input line 192.
(pdftex.def)             Requested size: 43.41208pt x 54.95517pt.
 <2.3/sign31.jpg, id=118, 64.24pt x 64.24pt>
File: 2.3/sign31.jpg Graphic file (type jpg)

<use 2.3/sign31.jpg>
Package pdftex.def Info: 2.3/sign31.jpg used on input line 193.
(pdftex.def)             Requested size: 16.05995pt x 16.05995pt.
 <2.3/sign32.jpg, id=119, 87.32625pt x 126.4725pt>
File: 2.3/sign32.jpg Graphic file (type jpg)

<use 2.3/sign32.jpg>
Package pdftex.def Info: 2.3/sign32.jpg used on input line 194.
(pdftex.def)             Requested size: 21.8315pt x 31.61804pt.
 <2.3/sign33.jpg, id=120, 67.25125pt x 121.45375pt>
File: 2.3/sign33.jpg Graphic file (type jpg)

<use 2.3/sign33.jpg>
Package pdftex.def Info: 2.3/sign33.jpg used on input line 195.
(pdftex.def)             Requested size: 16.81276pt x 30.36336pt.
 <2.3/sign34.jpg, id=121, 59.22125pt x 115.43124pt>
File: 2.3/sign34.jpg Graphic file (type jpg)

<use 2.3/sign34.jpg>
Package pdftex.def Info: 2.3/sign34.jpg used on input line 196.
(pdftex.def)             Requested size: 14.80527pt x 28.85773pt.
 <2.3/sign35.jpg, id=122, 58.2175pt x 61.22874pt>
File: 2.3/sign35.jpg Graphic file (type jpg)

<use 2.3/sign35.jpg>
Package pdftex.def Info: 2.3/sign35.jpg used on input line 197.
(pdftex.def)             Requested size: 14.55434pt x 15.30714pt.
 <2.3/sign36.jpg, id=123, 106.3975pt x 133.49875pt>
File: 2.3/sign36.jpg Graphic file (type jpg)

<use 2.3/sign36.jpg>
Package pdftex.def Info: 2.3/sign36.jpg used on input line 198.
(pdftex.def)             Requested size: 26.5993pt x 33.37459pt.
 <2.3/sign37.jpg, id=124, 108.405pt x 140.525pt>
File: 2.3/sign37.jpg Graphic file (type jpg)

<use 2.3/sign37.jpg>
Package pdftex.def Info: 2.3/sign37.jpg used on input line 199.
(pdftex.def)             Requested size: 27.10118pt x 35.13115pt.
 <2.3/sign38.jpg, id=125, 52.195pt x 124.465pt>
File: 2.3/sign38.jpg Graphic file (type jpg)

<use 2.3/sign38.jpg>
Package pdftex.def Info: 2.3/sign38.jpg used on input line 200.
(pdftex.def)             Requested size: 13.0487pt x 31.11617pt.
 <2.3/sign39.jpg, id=126, 54.2025pt x 155.58125pt>
File: 2.3/sign39.jpg Graphic file (type jpg)

<use 2.3/sign39.jpg>
Package pdftex.def Info: 2.3/sign39.jpg used on input line 201.
(pdftex.def)             Requested size: 13.55058pt x 38.8952pt.
 <2.3/sign40.jpg, id=127, 58.2175pt x 68.255pt>
File: 2.3/sign40.jpg Graphic file (type jpg)

<use 2.3/sign40.jpg>
Package pdftex.def Info: 2.3/sign40.jpg used on input line 202.
(pdftex.def)             Requested size: 14.55434pt x 17.0637pt.
 <2.3/sign41.jpg, id=128, 46.1725pt x 121.45375pt>
File: 2.3/sign41.jpg Graphic file (type jpg)

<use 2.3/sign41.jpg>
Package pdftex.def Info: 2.3/sign41.jpg used on input line 203.
(pdftex.def)             Requested size: 11.54309pt x 30.36336pt.
 <2.3/sign42.jpg, id=129, 87.32625pt x 165.61874pt>
File: 2.3/sign42.jpg Graphic file (type jpg)

<use 2.3/sign42.jpg>
Package pdftex.def Info: 2.3/sign42.jpg used on input line 204.
(pdftex.def)             Requested size: 21.8315pt x 41.40457pt.
 <2.3/sign43.jpg, id=130, 87.32625pt x 96.36pt>
File: 2.3/sign43.jpg Graphic file (type jpg)

<use 2.3/sign43.jpg>
Package pdftex.def Info: 2.3/sign43.jpg used on input line 205.
(pdftex.def)             Requested size: 21.8315pt x 24.08994pt.
 <2.3/sign44.jpg, id=131, 55.20625pt x 61.22874pt>
File: 2.3/sign44.jpg Graphic file (type jpg)

<use 2.3/sign44.jpg>
Package pdftex.def Info: 2.3/sign44.jpg used on input line 206.
(pdftex.def)             Requested size: 13.80151pt x 15.30714pt.
 <2.3/sign45.jpg, id=132, 136.51pt x 169.63374pt>
File: 2.3/sign45.jpg Graphic file (type jpg)

<use 2.3/sign45.jpg>
Package pdftex.def Info: 2.3/sign45.jpg used on input line 207.
(pdftex.def)             Requested size: 34.12741pt x 42.40833pt.
 <2.3/sign46.jpg, id=133, 50.1875pt x 69.25874pt>
File: 2.3/sign46.jpg Graphic file (type jpg)

<use 2.3/sign46.jpg>
Package pdftex.def Info: 2.3/sign46.jpg used on input line 208.
(pdftex.def)             Requested size: 12.54683pt x 17.31464pt.
 <2.3/card1sign0.jpg, id=134, 106.3975pt x 146.5475pt>
File: 2.3/card1sign0.jpg Graphic file (type jpg)

<use 2.3/card1sign0.jpg>
Package pdftex.def Info: 2.3/card1sign0.jpg used on input line 212.
(pdftex.def)             Requested size: 53.19861pt x 73.27356pt.
 <2.3/card1sign1.jpg, id=135, 66.2475pt x 110.4125pt>
File: 2.3/card1sign1.jpg Graphic file (type jpg)

<use 2.3/card1sign1.jpg>
Package pdftex.def Info: 2.3/card1sign1.jpg used on input line 213.
(pdftex.def)             Requested size: 33.12366pt x 55.2061pt.
 <2.3/card1sign2.jpg, id=136, 100.375pt x 141.52875pt>
File: 2.3/card1sign2.jpg Graphic file (type jpg)

<use 2.3/card1sign2.jpg>
Package pdftex.def Info: 2.3/card1sign2.jpg used on input line 214.
(pdftex.def)             Requested size: 50.18736pt x 70.76419pt.
 <2.3/card1sign3.jpg, id=137, 68.255pt x 80.3pt>
File: 2.3/card1sign3.jpg Graphic file (type jpg)

<use 2.3/card1sign3.jpg>
Package pdftex.def Info: 2.3/card1sign3.jpg used on input line 215.
(pdftex.def)             Requested size: 34.12741pt x 40.14989pt.
 <2.3/card1sign4.jpg, id=138, 76.285pt x 98.3675pt>
File: 2.3/card1sign4.jpg Graphic file (type jpg)

<use 2.3/card1sign4.jpg>
Package pdftex.def Info: 2.3/card1sign4.jpg used on input line 216.
(pdftex.def)             Requested size: 38.1424pt x 49.18361pt.
 <2.3/card1sign5.jpg, id=139, 93.34875pt x 122.4575pt>
File: 2.3/card1sign5.jpg Graphic file (type jpg)

<use 2.3/card1sign5.jpg>
Package pdftex.def Info: 2.3/card1sign5.jpg used on input line 217.
(pdftex.def)             Requested size: 46.67426pt x 61.22859pt.
 <2.3/card1sign6.jpg, id=140, 140.525pt x 148.555pt>
File: 2.3/card1sign6.jpg Graphic file (type jpg)

<use 2.3/card1sign6.jpg>
Package pdftex.def Info: 2.3/card1sign6.jpg used on input line 218.
(pdftex.def)             Requested size: 70.26231pt x 74.27731pt.
 <2.3/card1sign7.jpg, id=141, 56.21pt x 88.33pt>
File: 2.3/card1sign7.jpg Graphic file (type jpg)

<use 2.3/card1sign7.jpg>
Package pdftex.def Info: 2.3/card1sign7.jpg used on input line 219.
(pdftex.def)             Requested size: 28.10492pt x 44.16489pt.
 [9 <./2.3/20.jpg> <./2.3/sign02.jpg> <./2.3/sign03.jpg> <./2.3/sign04.jpg> <./
2.3/sign05.jpg> <./2.3/sign06.jpg> <./2.3/sign07.jpg> <./2.3/sign11.jpg> <./2.3
/sign12.jpg> <./2.3/sign13.jpg> <./2.3/sign14.jpg> <./2.3/sign15.jpg> <./2.3/si
gn16.jpg> <./2.3/sign17.jpg> <./2.3/sign20.jpg> <./2.3/sign21.jpg> <./2.3/sign2
2.jpg> <./2.3/sign23.jpg> <./2.3/sign24.jpg> <./2.3/sign25.jpg> <./2.3/sign26.j
pg> <./2.3/sign30.jpg> <./2.3/sign31.jpg> <./2.3/sign32.jpg> <./2.3/sign33.jpg>
 <./2.3/sign34.jpg> <./2.3/sign35.jpg> <./2.3/sign36.jpg> <./2.3/sign37.jpg> <.
/2.3/sign38.jpg> <./2.3/sign39.jpg> <./2.3/sign40.jpg> <./2.3/sign41.jpg> <./2.
3/sign42.jpg> <./2.3/sign43.jpg> <./2.3/sign44.jpg> <./2.3/sign45.jpg> <./2.3/s
ign46.jpg> <./2.3/card1sign0.jpg> <./2.3/card1sign1.jpg> <./2.3/card1sign2.jpg>
 <./2.3/card1sign3.jpg> <./2.3/card1sign4.jpg> <./2.3/card1sign5.jpg> <./2.3/ca
rd1sign6.jpg> <./2.3/card1sign7.jpg>]
<2.3/img_arrows0.jpg, id=145, 1606.0pt x 1204.5pt>
File: 2.3/img_arrows0.jpg Graphic file (type jpg)
 <use 2.3/img_arrows0.jpg>
Package pdftex.def Info: 2.3/img_arrows0.jpg used on input line 224.
(pdftex.def)             Requested size: 401.49902pt x 301.12427pt.

[10 <./2.3/img_arrows0.jpg>] <easy/dobble01.jpg, id=149, 1606.0pt x 1204.5pt>
File: easy/dobble01.jpg Graphic file (type jpg)

<use easy/dobble01.jpg>
Package pdftex.def Info: easy/dobble01.jpg used on input line 233.
(pdftex.def)             Requested size: 449.67694pt x 337.2577pt.
 <easy/img_arrows0.jpg, id=150, 1606.0pt x 1204.5pt>
File: easy/img_arrows0.jpg Graphic file (type jpg)

<use easy/img_arrows0.jpg>
Package pdftex.def Info: easy/img_arrows0.jpg used on input line 234.
(pdftex.def)             Requested size: 449.67694pt x 337.2577pt.
 [11]
<easy/dobble02.jpg, id=154, 1606.0pt x 1204.5pt>
File: easy/dobble02.jpg Graphic file (type jpg)
 <use easy/dobble02.jpg>
Package pdftex.def Info: easy/dobble02.jpg used on input line 236.
(pdftex.def)             Requested size: 449.67694pt x 337.2577pt.

<easy/img_arrows1.jpg, id=155, 1606.0pt x 1204.5pt>
File: easy/img_arrows1.jpg Graphic file (type jpg)
 <use easy/img_arrows1.jpg>
Package pdftex.def Info: easy/img_arrows1.jpg used on input line 237.
(pdftex.def)             Requested size: 449.67694pt x 337.2577pt.

[12 <./easy/dobble01.jpg> <./easy/img_arrows0.jpg>]
<easy/dobble03.jpg, id=159, 1606.0pt x 1204.5pt>
File: easy/dobble03.jpg Graphic file (type jpg)
 <use easy/dobble03.jpg>
Package pdftex.def Info: easy/dobble03.jpg used on input line 239.
(pdftex.def)             Requested size: 449.67694pt x 337.2577pt.

<easy/img_arrows2.jpg, id=160, 1606.0pt x 1204.5pt>
File: easy/img_arrows2.jpg Graphic file (type jpg)
 <use easy/img_arrows2.jpg>
Package pdftex.def Info: easy/img_arrows2.jpg used on input line 240.
(pdftex.def)             Requested size: 449.67694pt x 337.2577pt.

[13 <./easy/dobble02.jpg> <./easy/img_arrows1.jpg>]
<easy/dobble04.jpg, id=165, 1606.0pt x 1204.5pt>
File: easy/dobble04.jpg Graphic file (type jpg)
 <use easy/dobble04.jpg>
Package pdftex.def Info: easy/dobble04.jpg used on input line 242.
(pdftex.def)             Requested size: 449.67694pt x 337.2577pt.

<easy/img_arrows3.jpg, id=166, 1606.0pt x 1204.5pt>
File: easy/img_arrows3.jpg Graphic file (type jpg)
 <use easy/img_arrows3.jpg>
Package pdftex.def Info: easy/img_arrows3.jpg used on input line 243.
(pdftex.def)             Requested size: 449.67694pt x 337.2577pt.

[14 <./easy/dobble03.jpg> <./easy/img_arrows2.jpg>]
<easy/dobble12.jpg, id=170, 1606.0pt x 1204.5pt>
File: easy/dobble12.jpg Graphic file (type jpg)
 <use easy/dobble12.jpg>
Package pdftex.def Info: easy/dobble12.jpg used on input line 245.
(pdftex.def)             Requested size: 449.67694pt x 337.2577pt.

<easy/img_arrows4.jpg, id=171, 1606.0pt x 1204.5pt>
File: easy/img_arrows4.jpg Graphic file (type jpg)
 <use easy/img_arrows4.jpg>
Package pdftex.def Info: easy/img_arrows4.jpg used on input line 246.
(pdftex.def)             Requested size: 449.67694pt x 337.2577pt.

[15 <./easy/dobble04.jpg> <./easy/img_arrows3.jpg>]
<easy/dobble22.jpg, id=175, 1606.0pt x 1204.5pt>
File: easy/dobble22.jpg Graphic file (type jpg)
 <use easy/dobble22.jpg>
Package pdftex.def Info: easy/dobble22.jpg used on input line 248.
(pdftex.def)             Requested size: 449.67694pt x 337.2577pt.

<easy/img_arrows5.jpg, id=176, 1606.0pt x 1204.5pt>
File: easy/img_arrows5.jpg Graphic file (type jpg)
 <use easy/img_arrows5.jpg>
Package pdftex.def Info: easy/img_arrows5.jpg used on input line 249.
(pdftex.def)             Requested size: 449.67694pt x 337.2577pt.

[16 <./easy/dobble12.jpg> <./easy/img_arrows4.jpg>]
<easy/dobble23.jpg, id=180, 1606.0pt x 1204.5pt>
File: easy/dobble23.jpg Graphic file (type jpg)
 <use easy/dobble23.jpg>
Package pdftex.def Info: easy/dobble23.jpg used on input line 251.
(pdftex.def)             Requested size: 449.67694pt x 337.2577pt.

<easy/img_arrows6.jpg, id=181, 1606.0pt x 1204.5pt>
File: easy/img_arrows6.jpg Graphic file (type jpg)
 <use easy/img_arrows6.jpg>
Package pdftex.def Info: easy/img_arrows6.jpg used on input line 252.
(pdftex.def)             Requested size: 449.67694pt x 337.2577pt.

[17 <./easy/dobble22.jpg> <./easy/img_arrows5.jpg>] [18 <./easy/dobble23.jpg> <
./easy/img_arrows6.jpg>] [19]
<medium/dobble05.jpg, id=192, 1606.0pt x 1204.5pt>
File: medium/dobble05.jpg Graphic file (type jpg)
 <use medium/dobble05.jpg>
Package pdftex.def Info: medium/dobble05.jpg used on input line 259.
(pdftex.def)             Requested size: 449.67694pt x 337.2577pt.

<medium/img_arrows0.jpg, id=193, 1606.0pt x 1204.5pt>
File: medium/img_arrows0.jpg Graphic file (type jpg)

<use medium/img_arrows0.jpg>
Package pdftex.def Info: medium/img_arrows0.jpg used on input line 260.
(pdftex.def)             Requested size: 449.67694pt x 337.2577pt.

<medium/dobble06.jpg, id=194, 1606.0pt x 1204.5pt>
File: medium/dobble06.jpg Graphic file (type jpg)
 <use medium/dobble06.jpg>
Package pdftex.def Info: medium/dobble06.jpg used on input line 262.
(pdftex.def)             Requested size: 449.67694pt x 337.2577pt.

<medium/img_arrows1.jpg, id=195, 1606.0pt x 1204.5pt>
File: medium/img_arrows1.jpg Graphic file (type jpg)

<use medium/img_arrows1.jpg>
Package pdftex.def Info: medium/img_arrows1.jpg used on input line 263.
(pdftex.def)             Requested size: 449.67694pt x 337.2577pt.
 [20 <./medium/dobble05.jpg> <./medium/img_arrows0.jpg>] <medium/dobble07.jpg, 
id=199, 1606.0pt x 1204.5pt>
File: medium/dobble07.jpg Graphic file (type jpg)

<use medium/dobble07.jpg>
Package pdftex.def Info: medium/dobble07.jpg used on input line 265.
(pdftex.def)             Requested size: 449.67694pt x 337.2577pt.

<medium/img_arrows2.jpg, id=200, 1606.0pt x 1204.5pt>
File: medium/img_arrows2.jpg Graphic file (type jpg)

<use medium/img_arrows2.jpg>
Package pdftex.def Info: medium/img_arrows2.jpg used on input line 266.
(pdftex.def)             Requested size: 449.67694pt x 337.2577pt.
 [21 <./medium/dobble06.jpg> <./medium/img_arrows1.jpg>] <medium/dobble08.jpg, 
id=204, 1606.0pt x 1204.5pt>
File: medium/dobble08.jpg Graphic file (type jpg)

<use medium/dobble08.jpg>
Package pdftex.def Info: medium/dobble08.jpg used on input line 268.
(pdftex.def)             Requested size: 449.67694pt x 337.2577pt.

<medium/img_arrows3.jpg, id=205, 1606.0pt x 1204.5pt>
File: medium/img_arrows3.jpg Graphic file (type jpg)

<use medium/img_arrows3.jpg>
Package pdftex.def Info: medium/img_arrows3.jpg used on input line 269.
(pdftex.def)             Requested size: 449.67694pt x 337.2577pt.
 [22 <./medium/dobble07.jpg> <./medium/img_arrows2.jpg>] <medium/dobble09.jpg, 
id=209, 1606.0pt x 1204.5pt>
File: medium/dobble09.jpg Graphic file (type jpg)

<use medium/dobble09.jpg>
Package pdftex.def Info: medium/dobble09.jpg used on input line 271.
(pdftex.def)             Requested size: 449.67694pt x 337.2577pt.

<medium/img_arrows4.jpg, id=210, 1606.0pt x 1204.5pt>
File: medium/img_arrows4.jpg Graphic file (type jpg)

<use medium/img_arrows4.jpg>
Package pdftex.def Info: medium/img_arrows4.jpg used on input line 272.
(pdftex.def)             Requested size: 449.67694pt x 337.2577pt.
 [23 <./medium/dobble08.jpg> <./medium/img_arrows3.jpg>] <medium/dobble18.jpg, 
id=214, 1606.0pt x 1204.5pt>
File: medium/dobble18.jpg Graphic file (type jpg)

<use medium/dobble18.jpg>
Package pdftex.def Info: medium/dobble18.jpg used on input line 274.
(pdftex.def)             Requested size: 449.67694pt x 337.2577pt.

<medium/img_arrows5.jpg, id=215, 1606.0pt x 1204.5pt>
File: medium/img_arrows5.jpg Graphic file (type jpg)

<use medium/img_arrows5.jpg>
Package pdftex.def Info: medium/img_arrows5.jpg used on input line 275.
(pdftex.def)             Requested size: 449.67694pt x 337.2577pt.
 [24 <./medium/dobble09.jpg> <./medium/img_arrows4.jpg>] <medium/dobble19.jpg, 
id=219, 1606.0pt x 1204.5pt>
File: medium/dobble19.jpg Graphic file (type jpg)

<use medium/dobble19.jpg>
Package pdftex.def Info: medium/dobble19.jpg used on input line 277.
(pdftex.def)             Requested size: 449.67694pt x 337.2577pt.

<medium/img_arrows6.jpg, id=220, 1606.0pt x 1204.5pt>
File: medium/img_arrows6.jpg Graphic file (type jpg)

<use medium/img_arrows6.jpg>
Package pdftex.def Info: medium/img_arrows6.jpg used on input line 278.
(pdftex.def)             Requested size: 449.67694pt x 337.2577pt.
 [25 <./medium/dobble18.jpg> <./medium/img_arrows5.jpg>] <medium/dobble21.jpg, 
id=225, 1606.0pt x 1204.5pt>
File: medium/dobble21.jpg Graphic file (type jpg)

<use medium/dobble21.jpg>
Package pdftex.def Info: medium/dobble21.jpg used on input line 280.
(pdftex.def)             Requested size: 449.67694pt x 337.2577pt.

<medium/img_arrows7.jpg, id=226, 1606.0pt x 1204.5pt>
File: medium/img_arrows7.jpg Graphic file (type jpg)

<use medium/img_arrows7.jpg>
Package pdftex.def Info: medium/img_arrows7.jpg used on input line 281.
(pdftex.def)             Requested size: 449.67694pt x 337.2577pt.
 [26 <./medium/dobble19.jpg> <./medium/img_arrows6.jpg>] <medium/dobble24.jpg, 
id=230, 1606.0pt x 1204.5pt>
File: medium/dobble24.jpg Graphic file (type jpg)

<use medium/dobble24.jpg>
Package pdftex.def Info: medium/dobble24.jpg used on input line 283.
(pdftex.def)             Requested size: 449.67694pt x 337.2577pt.

<medium/img_arrows8.jpg, id=231, 1606.0pt x 1204.5pt>
File: medium/img_arrows8.jpg Graphic file (type jpg)

<use medium/img_arrows8.jpg>
Package pdftex.def Info: medium/img_arrows8.jpg used on input line 284.
(pdftex.def)             Requested size: 449.67694pt x 337.2577pt.
 [27 <./medium/dobble21.jpg> <./medium/img_arrows7.jpg>] <medium/dobble26.jpg, 
id=235, 1606.0pt x 1204.5pt>
File: medium/dobble26.jpg Graphic file (type jpg)

<use medium/dobble26.jpg>
Package pdftex.def Info: medium/dobble26.jpg used on input line 286.
(pdftex.def)             Requested size: 449.67694pt x 337.2577pt.

<medium/img_arrows9.jpg, id=236, 1606.0pt x 1204.5pt>
File: medium/img_arrows9.jpg Graphic file (type jpg)

<use medium/img_arrows9.jpg>
Package pdftex.def Info: medium/img_arrows9.jpg used on input line 287.
(pdftex.def)             Requested size: 449.67694pt x 337.2577pt.
 [28 <./medium/dobble24.jpg> <./medium/img_arrows8.jpg>] [29 <./medium/dobble26
.jpg> <./medium/img_arrows9.jpg>] [30]
<hard/dobble11.jpg, id=246, 1606.0pt x 1204.5pt>
File: hard/dobble11.jpg Graphic file (type jpg)
 <use hard/dobble11.jpg>
Package pdftex.def Info: hard/dobble11.jpg used on input line 295.
(pdftex.def)             Requested size: 449.67694pt x 337.2577pt.

<hard/img_arrows1.jpg, id=247, 1606.0pt x 1204.5pt>
File: hard/img_arrows1.jpg Graphic file (type jpg)
 <use hard/img_arrows1.jpg>
Package pdftex.def Info: hard/img_arrows1.jpg used on input line 296.
(pdftex.def)             Requested size: 449.67694pt x 337.2577pt.

<hard/dobble13.jpg, id=248, 1606.0pt x 1204.5pt>
File: hard/dobble13.jpg Graphic file (type jpg)
 <use hard/dobble13.jpg>
Package pdftex.def Info: hard/dobble13.jpg used on input line 298.
(pdftex.def)             Requested size: 449.67694pt x 337.2577pt.

<hard/img_arrows2.jpg, id=249, 1606.0pt x 1204.5pt>
File: hard/img_arrows2.jpg Graphic file (type jpg)
 <use hard/img_arrows2.jpg>
Package pdftex.def Info: hard/img_arrows2.jpg used on input line 299.
(pdftex.def)             Requested size: 449.67694pt x 337.2577pt.

[31 <./hard/dobble11.jpg> <./hard/img_arrows1.jpg>]
<hard/dobble14.jpg, id=254, 1606.0pt x 1204.5pt>
File: hard/dobble14.jpg Graphic file (type jpg)
 <use hard/dobble14.jpg>
Package pdftex.def Info: hard/dobble14.jpg used on input line 301.
(pdftex.def)             Requested size: 449.67694pt x 337.2577pt.

<hard/img_arrows3.jpg, id=255, 1606.0pt x 1204.5pt>
File: hard/img_arrows3.jpg Graphic file (type jpg)
 <use hard/img_arrows3.jpg>
Package pdftex.def Info: hard/img_arrows3.jpg used on input line 302.
(pdftex.def)             Requested size: 449.67694pt x 337.2577pt.

[32 <./hard/dobble13.jpg> <./hard/img_arrows2.jpg>]
<hard/dobble16.jpg, id=259, 1606.0pt x 1204.5pt>
File: hard/dobble16.jpg Graphic file (type jpg)
 <use hard/dobble16.jpg>
Package pdftex.def Info: hard/dobble16.jpg used on input line 304.
(pdftex.def)             Requested size: 449.67694pt x 337.2577pt.

<hard/img_arrows5.jpg, id=260, 1606.0pt x 1204.5pt>
File: hard/img_arrows5.jpg Graphic file (type jpg)
 <use hard/img_arrows5.jpg>
Package pdftex.def Info: hard/img_arrows5.jpg used on input line 305.
(pdftex.def)             Requested size: 449.67694pt x 337.2577pt.

[33 <./hard/dobble14.jpg> <./hard/img_arrows3.jpg>]
<hard/dobble20.jpg, id=264, 1606.0pt x 1204.5pt>
File: hard/dobble20.jpg Graphic file (type jpg)
 <use hard/dobble20.jpg>
Package pdftex.def Info: hard/dobble20.jpg used on input line 307.
(pdftex.def)             Requested size: 449.67694pt x 337.2577pt.

<hard/img_arrows7.jpg, id=265, 1606.0pt x 1204.5pt>
File: hard/img_arrows7.jpg Graphic file (type jpg)
 <use hard/img_arrows7.jpg>
Package pdftex.def Info: hard/img_arrows7.jpg used on input line 308.
(pdftex.def)             Requested size: 449.67694pt x 337.2577pt.

[34 <./hard/dobble16.jpg> <./hard/img_arrows5.jpg>]
<hard/dobble25.jpg, id=269, 1606.0pt x 1204.5pt>
File: hard/dobble25.jpg Graphic file (type jpg)
 <use hard/dobble25.jpg>
Package pdftex.def Info: hard/dobble25.jpg used on input line 310.
(pdftex.def)             Requested size: 449.67694pt x 337.2577pt.

<hard/img_arrows9.jpg, id=270, 1606.0pt x 1204.5pt>
File: hard/img_arrows9.jpg Graphic file (type jpg)
 <use hard/img_arrows9.jpg>
Package pdftex.def Info: hard/img_arrows9.jpg used on input line 311.
(pdftex.def)             Requested size: 449.67694pt x 337.2577pt.

[35 <./hard/dobble20.jpg> <./hard/img_arrows7.jpg>]
<hard/dobble27.jpg, id=274, 1606.0pt x 1204.5pt>
File: hard/dobble27.jpg Graphic file (type jpg)
 <use hard/dobble27.jpg>
Package pdftex.def Info: hard/dobble27.jpg used on input line 313.
(pdftex.def)             Requested size: 449.67694pt x 337.2577pt.

<hard/img_arrows8.jpg, id=275, 1606.0pt x 1204.5pt>
File: hard/img_arrows8.jpg Graphic file (type jpg)
 <use hard/img_arrows8.jpg>
Package pdftex.def Info: hard/img_arrows8.jpg used on input line 314.
(pdftex.def)             Requested size: 449.67694pt x 337.2577pt.

[36 <./hard/dobble25.jpg> <./hard/img_arrows9.jpg>] [37 <./hard/dobble27.jpg> <
./hard/img_arrows8.jpg>] <hard/dobble15.jpg, id=283, 1606.0pt x 1204.5pt>
File: hard/dobble15.jpg Graphic file (type jpg)

<use hard/dobble15.jpg>
Package pdftex.def Info: hard/dobble15.jpg used on input line 321.
(pdftex.def)             Requested size: 224.83847pt x 168.62885pt.
 <hard/dobble17.jpg, id=284, 1606.0pt x 1204.5pt>
File: hard/dobble17.jpg Graphic file (type jpg)

<use hard/dobble17.jpg>
Package pdftex.def Info: hard/dobble17.jpg used on input line 322.
(pdftex.def)             Requested size: 224.83847pt x 168.62885pt.
 <hard/img_arrows6.jpg, id=285, 1606.0pt x 1204.5pt>
File: hard/img_arrows6.jpg Graphic file (type jpg)

<use hard/img_arrows6.jpg>
Package pdftex.def Info: hard/img_arrows6.jpg used on input line 326.
(pdftex.def)             Requested size: 449.67694pt x 337.2577pt.
 [38 <./hard/dobble15.jpg> <./hard/dobble17.jpg> <./hard/img_arrows6.jpg>] (./s
prawozdanie.aux) ) 
Here is how much of TeX's memory you used:
 24161 strings out of 493029
 598287 string characters out of 6136233
 741107 words of memory out of 5000000
 27184 multiletter control sequences out of 15000+600000
 10990 words of font info for 29 fonts, out of 8000000 for 9000
 1141 hyphenation exceptions out of 8191
 62i,7n,77p,1224b,609s stack positions out of 5000i,500n,10000p,200000b,80000s
{/usr/share/texmf/fonts/enc/dvips/cm-super/cm-super-t1.enc}</
usr/share/texmf/fonts/type1/public/cm-super/sfbx1200.pfb></usr/share/texmf/font
s/type1/public/cm-super/sfbx1440.pfb></usr/share/texmf/fonts/type1/public/cm-su
per/sfrm1000.pfb></usr/share/texmf/fonts/type1/public/cm-super/sfrm1200.pfb></u
sr/share/texmf/fonts/type1/public/cm-super/sfrm1728.pfb>
Output written on sprawozdanie.pdf (38 pages, 35306620 bytes).
PDF statistics:
 311 PDF objects out of 1000 (max. 8388607)
 106 compressed objects within 2 object streams
 0 named destinations out of 1000 (max. 500000)
 803 words of extra memory for PDF output out of 10000 (max. 10000000)

